#
# There is insufficient memory for the Java Runtime Environment to continue.
# Native memory allocation (mmap) failed to map 83886080 bytes for committing reserved memory.
# Possible reasons:
#   The system is out of physical RAM or swap space
#   In 32 bit mode, the process size limit was hit
# Possible solutions:
#   Reduce memory load on the system
#   Increase physical memory or swap space
#   Check if swap backing store is full
#   Use 64 bit Java on a 64 bit OS
#   Decrease Java heap size (-Xmx/-Xms)
#   Decrease number of Java threads
#   Decrease Java thread stack sizes (-Xss)
#   Set larger code cache with -XX:ReservedCodeCacheSize=
# This output file may be truncated or incomplete.
#
#  Out of Memory Error (os_linux.cpp:2673), pid=4250, tid=140207608243968
#
# JRE version: Java(TM) SE Runtime Environment (8.0_45-b14) (build 1.8.0_45-b14)
# Java VM: Java HotSpot(TM) 64-Bit Server VM (25.45-b02 mixed mode linux-amd64 compressed oops)
# Failed to write core dump. Core dumps have been disabled. To enable core dumping, try "ulimit -c unlimited" before starting Java again
#

---------------  T H R E A D  ---------------

Current thread (0x00007f84b8078000):  VMThread [stack: 0x00007f84a09f2000,0x00007f84a0af3000] [id=4260]

Stack: [0x00007f84a09f2000,0x00007f84a0af3000],  sp=0x00007f84a0af0fe0,  free space=1019k
Native frames: (J=compiled Java code, j=interpreted, Vv=VM code, C=native code)
V  [libjvm.so+0xaac99a]  VMError::report_and_die()+0x2ba
V  [libjvm.so+0x4f333b]  report_vm_out_of_memory(char const*, int, unsigned long, VMErrorType, char const*)+0x8b
V  [libjvm.so+0x90e7c3]  os::Linux::commit_memory_impl(char*, unsigned long, bool)+0x103
V  [libjvm.so+0x90ed19]  os::pd_commit_memory(char*, unsigned long, unsigned long, bool)+0x29
V  [libjvm.so+0x90867a]  os::commit_memory(char*, unsigned long, unsigned long, bool)+0x2a
V  [libjvm.so+0x97bac3]  PSVirtualSpace::expand_by(unsigned long)+0x53
V  [libjvm.so+0x97cec8]  PSYoungGen::resize_generation(unsigned long, unsigned long)+0xf8
V  [libjvm.so+0x97c022]  PSYoungGen::resize(unsigned long, unsigned long)+0x22
V  [libjvm.so+0x9792fb]  PSScavenge::invoke_no_policy()+0xf7b
V  [libjvm.so+0x979a81]  PSScavenge::invoke()+0x41
V  [libjvm.so+0x932050]  ParallelScavengeHeap::failed_mem_allocate(unsigned long)+0x70
V  [libjvm.so+0xaae1d7]  VM_ParallelGCFailedAllocation::doit()+0x97
V  [libjvm.so+0xab59c5]  VM_Operation::evaluate()+0x55
V  [libjvm.so+0xab3d9a]  VMThread::evaluate_operation(VM_Operation*)+0xba
V  [libjvm.so+0xab411e]  VMThread::loop()+0x1ce
V  [libjvm.so+0xab4590]  VMThread::run()+0x70
V  [libjvm.so+0x910de8]  java_start(Thread*)+0x108

VM_Operation (0x00007f84bf227770): ParallelGCFailedAllocation, mode: safepoint, requested by thread 0x00007f84b800a000


---------------  P R O C E S S  ---------------

Java Threads: ( => current thread )
  0x00007f84b80c0000 JavaThread "Service Thread" daemon [_thread_blocked, id=4277, stack(0x00007f8493bfc000,0x00007f8493cfd000)]
  0x00007f84b80bb000 JavaThread "C1 CompilerThread2" daemon [_thread_blocked, id=4276, stack(0x00007f8493cfd000,0x00007f8493dfe000)]
  0x00007f84b80b9000 JavaThread "C2 CompilerThread1" daemon [_thread_blocked, id=4275, stack(0x00007f8493dfe000,0x00007f8493eff000)]
  0x00007f84b80b6800 JavaThread "C2 CompilerThread0" daemon [_thread_blocked, id=4274, stack(0x00007f8493eff000,0x00007f8494000000)]
  0x00007f84b80b5000 JavaThread "Signal Dispatcher" daemon [_thread_blocked, id=4273, stack(0x00007f84a000d000,0x00007f84a010e000)]
  0x00007f84b807f000 JavaThread "Finalizer" daemon [_thread_blocked, id=4263, stack(0x00007f84a07f0000,0x00007f84a08f1000)]
  0x00007f84b807d000 JavaThread "Reference Handler" daemon [_thread_blocked, id=4261, stack(0x00007f84a08f1000,0x00007f84a09f2000)]
  0x00007f84b800a000 JavaThread "main" [_thread_blocked, id=4252, stack(0x00007f84bf129000,0x00007f84bf22a000)]

Other Threads:
=>0x00007f84b8078000 VMThread [stack: 0x00007f84a09f2000,0x00007f84a0af3000] [id=4260]
  0x00007f84b80c2800 WatcherThread [stack: 0x00007f8493afb000,0x00007f8493bfc000] [id=4278]

VM state:at safepoint (normal execution)

VM Mutex/Monitor currently owned by a thread:  ([mutex/lock_event])
[0x00007f84b80063c0] Threads_lock - owner thread: 0x00007f84b8078000
[0x00007f84b80068c0] Heap_lock - owner thread: 0x00007f84b800a000

Heap:
 PSYoungGen      total 64000K, used 2560K [0x00000000eab00000, 0x00000000eec00000, 0x0000000100000000)
  eden space 61440K, 0% used [0x00000000eab00000,0x00000000eab00000,0x00000000ee700000)
  from space 2560K, 100% used [0x00000000ee700000,0x00000000ee980000,0x00000000ee980000)
  to   space 2560K, 0% used [0x00000000ee980000,0x00000000ee980000,0x00000000eec00000)
 ParOldGen       total 40960K, used 23560K [0x00000000c0000000, 0x00000000c2800000, 0x00000000eab00000)
  object space 40960K, 57% used [0x00000000c0000000,0x00000000c17022a8,0x00000000c2800000)
 Metaspace       used 5853K, capacity 7088K, committed 7296K, reserved 1056768K
  class space    used 547K, capacity 616K, committed 640K, reserved 1048576K

Card table byte_map: [0x00007f84bc0c0000,0x00007f84bc2c1000] byte_map_base: 0x00007f84bbac0000

Marking Bits: (ParMarkBitMap*) 0x00007f84be5fe760
 Begin Bits: [0x00007f84a2000000, 0x00007f84a3000000)
 End Bits:   [0x00007f84a3000000, 0x00007f84a4000000)

Polling page: 0x00007f84bf245000

CodeCache: size=245760Kb used=7112Kb max_used=7126Kb free=238647Kb
 bounds [0x00007f84a9000000, 0x00007f84a9700000, 0x00007f84b8000000]
 total_blobs=1957 nmethods=1693 adapters=178
 compilation: enabled

Compilation events (10 events):
Event: 8.710 Thread 0x00007f84b80bb000 1767       2       com.android.dx.ssa.SsaBasicBlock::getLiveOutRegs (26 bytes)
Event: 8.710 Thread 0x00007f84b80bb000 nmethod 1767 0x00007f84a96c0c10 code [0x00007f84a96c0d80, 0x00007f84a96c1088]
Event: 8.710 Thread 0x00007f84b80bb000 1768   !   2       java.util.zip.Inflater::reset (69 bytes)
Event: 8.711 Thread 0x00007f84b80bb000 nmethod 1768 0x00007f84a96c0550 code [0x00007f84a96c06e0, 0x00007f84a96c0a78]
Event: 8.736 Thread 0x00007f84b80bb000 1769   !   2       com.android.dx.dex.cf.CfTranslator::processMethods (583 bytes)
Event: 8.743 Thread 0x00007f84b80bb000 nmethod 1769 0x00007f84a96dfb90 code [0x00007f84a96e0060, 0x00007f84a96e1718]
Event: 8.743 Thread 0x00007f84b80bb000 1770   !   2       com.android.dx.cf.direct.DirectClassFile::parse (75 bytes)
Event: 8.744 Thread 0x00007f84b80bb000 nmethod 1770 0x00007f84a96bf810 code [0x00007f84a96bfa20, 0x00007f84a96c00d8]
Event: 8.767 Thread 0x00007f84b80bb000 1771       2       com.android.dx.ssa.SsaMethod::makeNewSsaReg (26 bytes)
Event: 8.767 Thread 0x00007f84b80bb000 nmethod 1771 0x00007f84a96bf490 code [0x00007f84a96bf5e0, 0x00007f84a96bf770]

GC Heap History (9 events):
Event: 2.118 GC heap before
{Heap before GC invocations=1 (full 0):
 PSYoungGen      total 17920K, used 15360K [0x00000000eab00000, 0x00000000ebf00000, 0x0000000100000000)
  eden space 15360K, 100% used [0x00000000eab00000,0x00000000eba00000,0x00000000eba00000)
  from space 2560K, 0% used [0x00000000ebc80000,0x00000000ebc80000,0x00000000ebf00000)
  to   space 2560K, 0% used [0x00000000eba00000,0x00000000eba00000,0x00000000ebc80000)
 ParOldGen       total 40960K, used 0K [0x00000000c0000000, 0x00000000c2800000, 0x00000000eab00000)
  object space 40960K, 0% used [0x00000000c0000000,0x00000000c0000000,0x00000000c2800000)
 Metaspace       used 5366K, capacity 6704K, committed 6784K, reserved 1056768K
  class space    used 543K, capacity 616K, committed 640K, reserved 1048576K
Event: 2.146 GC heap after
Heap after GC invocations=1 (full 0):
 PSYoungGen      total 17920K, used 2535K [0x00000000eab00000, 0x00000000ece00000, 0x0000000100000000)
  eden space 15360K, 0% used [0x00000000eab00000,0x00000000eab00000,0x00000000eba00000)
  from space 2560K, 99% used [0x00000000eba00000,0x00000000ebc79c88,0x00000000ebc80000)
  to   space 2560K, 0% used [0x00000000ecb80000,0x00000000ecb80000,0x00000000ece00000)
 ParOldGen       total 40960K, used 1685K [0x00000000c0000000, 0x00000000c2800000, 0x00000000eab00000)
  object space 40960K, 4% used [0x00000000c0000000,0x00000000c01a5588,0x00000000c2800000)
 Metaspace       used 5366K, capacity 6704K, committed 6784K, reserved 1056768K
  class space    used 543K, capacity 616K, committed 640K, reserved 1048576K
}
Event: 3.504 GC heap before
{Heap before GC invocations=2 (full 0):
 PSYoungGen      total 17920K, used 17895K [0x00000000eab00000, 0x00000000ece00000, 0x0000000100000000)
  eden space 15360K, 100% used [0x00000000eab00000,0x00000000eba00000,0x00000000eba00000)
  from space 2560K, 99% used [0x00000000eba00000,0x00000000ebc79c88,0x00000000ebc80000)
  to   space 2560K, 0% used [0x00000000ecb80000,0x00000000ecb80000,0x00000000ece00000)
 ParOldGen       total 40960K, used 1685K [0x00000000c0000000, 0x00000000c2800000, 0x00000000eab00000)
  object space 40960K, 4% used [0x00000000c0000000,0x00000000c01a5588,0x00000000c2800000)
 Metaspace       used 5599K, capacity 6896K, committed 7040K, reserved 1056768K
  class space    used 544K, capacity 616K, committed 640K, reserved 1048576K
Event: 3.528 GC heap after
Heap after GC invocations=2 (full 0):
 PSYoungGen      total 33280K, used 2535K [0x00000000eab00000, 0x00000000ece00000, 0x0000000100000000)
  eden space 30720K, 0% used [0x00000000eab00000,0x00000000eab00000,0x00000000ec900000)
  from space 2560K, 99% used [0x00000000ecb80000,0x00000000ecdf9c78,0x00000000ece00000)
  to   space 2560K, 0% used [0x00000000ec900000,0x00000000ec900000,0x00000000ecb80000)
 ParOldGen       total 40960K, used 4190K [0x00000000c0000000, 0x00000000c2800000, 0x00000000eab00000)
  object space 40960K, 10% used [0x00000000c0000000,0x00000000c0417be8,0x00000000c2800000)
 Metaspace       used 5599K, capacity 6896K, committed 7040K, reserved 1056768K
  class space    used 544K, capacity 616K, committed 640K, reserved 1048576K
}
Event: 5.243 GC heap before
{Heap before GC invocations=3 (full 0):
 PSYoungGen      total 33280K, used 33255K [0x00000000eab00000, 0x00000000ece00000, 0x0000000100000000)
  eden space 30720K, 100% used [0x00000000eab00000,0x00000000ec900000,0x00000000ec900000)
  from space 2560K, 99% used [0x00000000ecb80000,0x00000000ecdf9c78,0x00000000ece00000)
  to   space 2560K, 0% used [0x00000000ec900000,0x00000000ec900000,0x00000000ecb80000)
 ParOldGen       total 40960K, used 4190K [0x00000000c0000000, 0x00000000c2800000, 0x00000000eab00000)
  object space 40960K, 10% used [0x00000000c0000000,0x00000000c0417be8,0x00000000c2800000)
 Metaspace       used 5754K, capacity 7024K, committed 7296K, reserved 1056768K
  class space    used 546K, capacity 616K, committed 640K, reserved 1048576K
Event: 5.284 GC heap after
Heap after GC invocations=3 (full 0):
 PSYoungGen      total 33280K, used 2535K [0x00000000eab00000, 0x00000000eec00000, 0x0000000100000000)
  eden space 30720K, 0% used [0x00000000eab00000,0x00000000eab00000,0x00000000ec900000)
  from space 2560K, 99% used [0x00000000ec900000,0x00000000ecb79c50,0x00000000ecb80000)
  to   space 2560K, 0% used [0x00000000ee980000,0x00000000ee980000,0x00000000eec00000)
 ParOldGen       total 40960K, used 8885K [0x00000000c0000000, 0x00000000c2800000, 0x00000000eab00000)
  object space 40960K, 21% used [0x00000000c0000000,0x00000000c08ad718,0x00000000c2800000)
 Metaspace       used 5754K, capacity 7024K, committed 7296K, reserved 1056768K
  class space    used 546K, capacity 616K, committed 640K, reserved 1048576K
}
Event: 6.580 GC heap before
{Heap before GC invocations=4 (full 0):
 PSYoungGen      total 33280K, used 33255K [0x00000000eab00000, 0x00000000eec00000, 0x0000000100000000)
  eden space 30720K, 100% used [0x00000000eab00000,0x00000000ec900000,0x00000000ec900000)
  from space 2560K, 99% used [0x00000000ec900000,0x00000000ecb79c50,0x00000000ecb80000)
  to   space 2560K, 0% used [0x00000000ee980000,0x00000000ee980000,0x00000000eec00000)
 ParOldGen       total 40960K, used 8885K [0x00000000c0000000, 0x00000000c2800000, 0x00000000eab00000)
  object space 40960K, 21% used [0x00000000c0000000,0x00000000c08ad718,0x00000000c2800000)
 Metaspace       used 5811K, capacity 7088K, committed 7296K, reserved 1056768K
  class space    used 547K, capacity 616K, committed 640K, reserved 1048576K
Event: 6.660 GC heap after
Heap after GC invocations=4 (full 0):
 PSYoungGen      total 64000K, used 2560K [0x00000000eab00000, 0x00000000eec00000, 0x0000000100000000)
  eden space 61440K, 0% used [0x00000000eab00000,0x00000000eab00000,0x00000000ee700000)
  from space 2560K, 100% used [0x00000000ee980000,0x00000000eec00000,0x00000000eec00000)
  to   space 2560K, 0% used [0x00000000ee700000,0x00000000ee700000,0x00000000ee980000)
 ParOldGen       total 40960K, used 13571K [0x00000000c0000000, 0x00000000c2800000, 0x00000000eab00000)
  object space 40960K, 33% used [0x00000000c0000000,0x00000000c0d40cf8,0x00000000c2800000)
 Metaspace       used 5811K, capacity 7088K, committed 7296K, reserved 1056768K
  class space    used 547K, capacity 616K, committed 640K, reserved 1048576K
}
Event: 8.776 GC heap before
{Heap before GC invocations=5 (full 0):
 PSYoungGen      total 64000K, used 64000K [0x00000000eab00000, 0x00000000eec00000, 0x0000000100000000)
  eden space 61440K, 100% used [0x00000000eab00000,0x00000000ee700000,0x00000000ee700000)
  from space 2560K, 100% used [0x00000000ee980000,0x00000000eec00000,0x00000000eec00000)
  to   space 2560K, 0% used [0x00000000ee700000,0x00000000ee700000,0x00000000ee980000)
 ParOldGen       total 40960K, used 13571K [0x00000000c0000000, 0x00000000c2800000, 0x00000000eab00000)
  object space 40960K, 33% used [0x00000000c0000000,0x00000000c0d40cf8,0x00000000c2800000)
 Metaspace       used 5853K, capacity 7088K, committed 7296K, reserved 1056768K
  class space    used 547K, capacity 616K, committed 640K, reserved 1048576K

Deoptimization events (10 events):
Event: 4.257 Thread 0x00007f84b800a000 Uncommon trap: reason=bimorphic action=maybe_recompile pc=0x00007f84a9227b30 method=java.util.HashMap.getNode(ILjava/lang/Object;)Ljava/util/HashMap$Node; @ 126
Event: 4.408 Thread 0x00007f84b800a000 Uncommon trap: reason=unstable_if action=reinterpret pc=0x00007f84a956bf20 method=com.android.dx.ssa.SCCP.simulateBranch(Lcom/android/dx/ssa/SsaInsn;)V @ 548
Event: 4.464 Thread 0x00007f84b800a000 Uncommon trap: reason=unstable_if action=reinterpret pc=0x00007f84a947c474 method=com.android.dx.util.LabeledList.set(ILcom/android/dx/util/LabeledItem;)V @ 16
Event: 4.464 Thread 0x00007f84b800a000 Uncommon trap: reason=unstable_if action=reinterpret pc=0x00007f84a93f5cac method=com.android.dx.util.LabeledList.set(ILcom/android/dx/util/LabeledItem;)V @ 16
Event: 4.972 Thread 0x00007f84b800a000 Uncommon trap: reason=unstable_if action=reinterpret pc=0x00007f84a95a24c0 method=com.android.dx.cf.code.ByteCatchList.listFor(I)Lcom/android/dx/cf/code/ByteCatchList; @ 19
Event: 5.432 Thread 0x00007f84b800a000 Uncommon trap: reason=unstable_if action=reinterpret pc=0x00007f84a94c8974 method=com.android.dx.ssa.SCCP.simulateStmt(Lcom/android/dx/ssa/SsaInsn;)V @ 53
Event: 5.849 Thread 0x00007f84b800a000 Uncommon trap: reason=unstable_if action=reinterpret pc=0x00007f84a9617ca0 method=java.util.BitSet.clone()Ljava/lang/Object; @ 4
Event: 6.016 Thread 0x00007f84b800a000 Uncommon trap: reason=unstable_if action=reinterpret pc=0x00007f84a93f233c method=com.android.dx.ssa.SsaMethod.updateOneDefinition(Lcom/android/dx/ssa/SsaInsn;Lcom/android/dx/rop/code/RegisterSpec;)V @ 4
Event: 6.463 Thread 0x00007f84b800a000 Uncommon trap: reason=unstable_if action=reinterpret pc=0x00007f84a96667f4 method=com.android.dx.ssa.LiteralOpUpgrader$1.visitNonMoveInsn(Lcom/android/dx/ssa/NormalSsaInsn;)V @ 55
Event: 7.250 Thread 0x00007f84b800a000 Uncommon trap: reason=bimorphic action=maybe_recompile pc=0x00007f84a966f764 method=com.android.dx.ssa.LiteralOpUpgrader.tryReplacingWithConstant(Lcom/android/dx/ssa/NormalSsaInsn;)Z @ 52

Internal exceptions (2 events):
Event: 0.182 Thread 0x00007f84b800a000 Exception <a 'java/lang/NoSuchMethodError': Method sun.misc.Unsafe.defineClass(Ljava/lang/String;[BII)Ljava/lang/Class; name or signature does not match> (0x00000000eab12a38) thrown at [/RE-WORK/workspace/8-2-build-linux-amd64/jdk8u45/3457/hotspot/src/sha
Event: 0.182 Thread 0x00007f84b800a000 Exception <a 'java/lang/NoSuchMethodError': Method sun.misc.Unsafe.prefetchRead(Ljava/lang/Object;J)V name or signature does not match> (0x00000000eab12cc8) thrown at [/RE-WORK/workspace/8-2-build-linux-amd64/jdk8u45/3457/hotspot/src/share/vm/prims/jni.cp

Events (10 events):
Event: 6.016 Thread 0x00007f84b800a000 DEOPT UNPACKING pc=0x00007f84a9005229 sp=0x00007f84bf227948 mode 2
Event: 6.463 Thread 0x00007f84b800a000 Uncommon trap: trap_request=0xffffff65 fr.pc=0x00007f84a96667f4
Event: 6.463 Thread 0x00007f84b800a000 DEOPT PACKING pc=0x00007f84a96667f4 sp=0x00007f84bf227bb0
Event: 6.463 Thread 0x00007f84b800a000 DEOPT UNPACKING pc=0x00007f84a9005229 sp=0x00007f84bf227bc0 mode 2
Event: 6.580 Executing VM operation: ParallelGCFailedAllocation
Event: 6.660 Executing VM operation: ParallelGCFailedAllocation done
Event: 7.250 Thread 0x00007f84b800a000 Uncommon trap: trap_request=0xffffffc6 fr.pc=0x00007f84a966f764
Event: 7.250 Thread 0x00007f84b800a000 DEOPT PACKING pc=0x00007f84a966f764 sp=0x00007f84bf227a70
Event: 7.250 Thread 0x00007f84b800a000 DEOPT UNPACKING pc=0x00007f84a9005229 sp=0x00007f84bf227a30 mode 2
Event: 8.776 Executing VM operation: ParallelGCFailedAllocation


Dynamic libraries:
00400000-00401000 r-xp 00000000 08:03 1453774                            /home/palash/jdk1.8.0_45/bin/java
00600000-00601000 rw-p 00000000 08:03 1453774                            /home/palash/jdk1.8.0_45/bin/java
01a69000-01a8a000 rw-p 00000000 00:00 0                                  [heap]
c0000000-c2800000 rw-p 00000000 00:00 0 
c2800000-eab00000 ---p 00000000 00:00 0 
eab00000-eec00000 rw-p 00000000 00:00 0 
f3c00000-100000000 ---p 00000000 00:00 0 
100000000-1000a0000 rw-p 00000000 00:00 0 
1000a0000-140000000 ---p 00000000 00:00 0 
7f846c000000-7f846c021000 rw-p 00000000 00:00 0 
7f846c021000-7f8470000000 ---p 00000000 00:00 0 
7f8470000000-7f8470021000 rw-p 00000000 00:00 0 
7f8470021000-7f8474000000 ---p 00000000 00:00 0 
7f8474000000-7f8474e2f000 rw-p 00000000 00:00 0 
7f8474e2f000-7f8478000000 ---p 00000000 00:00 0 
7f8478000000-7f8478ab5000 rw-p 00000000 00:00 0 
7f8478ab5000-7f847c000000 ---p 00000000 00:00 0 
7f847c000000-7f847c021000 rw-p 00000000 00:00 0 
7f847c021000-7f8480000000 ---p 00000000 00:00 0 
7f8480000000-7f84816d5000 rw-p 00000000 00:00 0 
7f84816d5000-7f8484000000 ---p 00000000 00:00 0 
7f8484000000-7f8484021000 rw-p 00000000 00:00 0 
7f8484021000-7f8488000000 ---p 00000000 00:00 0 
7f8488000000-7f8488021000 rw-p 00000000 00:00 0 
7f8488021000-7f848c000000 ---p 00000000 00:00 0 
7f848c000000-7f848c021000 rw-p 00000000 00:00 0 
7f848c021000-7f8490000000 ---p 00000000 00:00 0 
7f8493afb000-7f8493afc000 ---p 00000000 00:00 0 
7f8493afc000-7f8493bfc000 rw-p 00000000 00:00 0                          [stack:4278]
7f8493bfc000-7f8493bff000 ---p 00000000 00:00 0 
7f8493bff000-7f8493cfd000 rw-p 00000000 00:00 0                          [stack:4277]
7f8493cfd000-7f8493d00000 ---p 00000000 00:00 0 
7f8493d00000-7f8493dfe000 rw-p 00000000 00:00 0                          [stack:4276]
7f8493dfe000-7f8493e01000 ---p 00000000 00:00 0 
7f8493e01000-7f8493eff000 rw-p 00000000 00:00 0                          [stack:4275]
7f8493eff000-7f8493f02000 ---p 00000000 00:00 0 
7f8493f02000-7f8494000000 rw-p 00000000 00:00 0                          [stack:4274]
7f8494000000-7f8494021000 rw-p 00000000 00:00 0 
7f8494021000-7f8498000000 ---p 00000000 00:00 0 
7f8498000000-7f8498292000 rw-p 00000000 00:00 0 
7f8498292000-7f849c000000 ---p 00000000 00:00 0 
7f849c000000-7f849c021000 rw-p 00000000 00:00 0 
7f849c021000-7f84a0000000 ---p 00000000 00:00 0 
7f84a000d000-7f84a0010000 ---p 00000000 00:00 0 
7f84a0010000-7f84a010e000 rw-p 00000000 00:00 0                          [stack:4273]
7f84a010e000-7f84a07f0000 r--p 00000000 08:03 1187957                    /usr/lib/locale/locale-archive
7f84a07f0000-7f84a07f3000 ---p 00000000 00:00 0 
7f84a07f3000-7f84a08f1000 rw-p 00000000 00:00 0                          [stack:4263]
7f84a08f1000-7f84a08f4000 ---p 00000000 00:00 0 
7f84a08f4000-7f84a09f2000 rw-p 00000000 00:00 0                          [stack:4261]
7f84a09f2000-7f84a09f3000 ---p 00000000 00:00 0 
7f84a09f3000-7f84a1e80000 rw-p 00000000 00:00 0                          [stack:4260]
7f84a1e80000-7f84a2000000 ---p 00000000 00:00 0 
7f84a2000000-7f84a4000000 rw-p 00000000 00:00 0 
7f84a4000000-7f84a4021000 rw-p 00000000 00:00 0 
7f84a4021000-7f84a8000000 ---p 00000000 00:00 0 
7f84a808c000-7f84a809b000 r--s 000dd000 08:03 529518                     /home/palash/Android/Sdk/build-tools/22.0.1/lib/dx.jar
7f84a809b000-7f84a830d000 rw-p 00000000 00:00 0 
7f84a830d000-7f84a84e6000 r--s 03d09000 08:03 1329345                    /home/palash/jdk1.8.0_45/jre/lib/rt.jar
7f84a84e6000-7f84a86e6000 rw-p 00000000 00:00 0 
7f84a86e6000-7f84a86e7000 ---p 00000000 00:00 0 
7f84a86e7000-7f84a87e7000 rw-p 00000000 00:00 0                          [stack:4259]
7f84a87e7000-7f84a87e8000 ---p 00000000 00:00 0 
7f84a87e8000-7f84a88e8000 rw-p 00000000 00:00 0                          [stack:4258]
7f84a88e8000-7f84a88e9000 ---p 00000000 00:00 0 
7f84a88e9000-7f84a89e9000 rw-p 00000000 00:00 0                          [stack:4257]
7f84a89e9000-7f84a89ea000 ---p 00000000 00:00 0 
7f84a89ea000-7f84a8afe000 rw-p 00000000 00:00 0                          [stack:4256]
7f84a8afe000-7f84a8c40000 ---p 00000000 00:00 0 
7f84a8c40000-7f84a8c5c000 rw-p 00000000 00:00 0 
7f84a8c5c000-7f84a9000000 ---p 00000000 00:00 0 
7f84a9000000-7f84a9700000 rwxp 00000000 00:00 0 
7f84a9700000-7f84b8000000 ---p 00000000 00:00 0 
7f84b8000000-7f84b8386000 rw-p 00000000 00:00 0 
7f84b8386000-7f84bc000000 ---p 00000000 00:00 0 
7f84bc008000-7f84bc0d4000 rw-p 00000000 00:00 0 
7f84bc0d4000-7f84bc215000 ---p 00000000 00:00 0 
7f84bc215000-7f84bc236000 rw-p 00000000 00:00 0 
7f84bc236000-7f84bc2c0000 ---p 00000000 00:00 0 
7f84bc2c0000-7f84bc2c1000 rw-p 00000000 00:00 0 
7f84bc2c1000-7f84bc2db000 r-xp 00000000 08:03 1453635                    /home/palash/jdk1.8.0_45/jre/lib/amd64/libzip.so
7f84bc2db000-7f84bc4db000 ---p 0001a000 08:03 1453635                    /home/palash/jdk1.8.0_45/jre/lib/amd64/libzip.so
7f84bc4db000-7f84bc4dc000 rw-p 0001a000 08:03 1453635                    /home/palash/jdk1.8.0_45/jre/lib/amd64/libzip.so
7f84bc4dc000-7f84bc4e7000 r-xp 00000000 08:03 1453168                    /lib/x86_64-linux-gnu/libnss_files-2.19.so
7f84bc4e7000-7f84bc6e6000 ---p 0000b000 08:03 1453168                    /lib/x86_64-linux-gnu/libnss_files-2.19.so
7f84bc6e6000-7f84bc6e7000 r--p 0000a000 08:03 1453168                    /lib/x86_64-linux-gnu/libnss_files-2.19.so
7f84bc6e7000-7f84bc6e8000 rw-p 0000b000 08:03 1453168                    /lib/x86_64-linux-gnu/libnss_files-2.19.so
7f84bc6e8000-7f84bc6f3000 r-xp 00000000 08:03 1453188                    /lib/x86_64-linux-gnu/libnss_nis-2.19.so
7f84bc6f3000-7f84bc8f2000 ---p 0000b000 08:03 1453188                    /lib/x86_64-linux-gnu/libnss_nis-2.19.so
7f84bc8f2000-7f84bc8f3000 r--p 0000a000 08:03 1453188                    /lib/x86_64-linux-gnu/libnss_nis-2.19.so
7f84bc8f3000-7f84bc8f4000 rw-p 0000b000 08:03 1453188                    /lib/x86_64-linux-gnu/libnss_nis-2.19.so
7f84bc8f4000-7f84bc90b000 r-xp 00000000 08:03 1453177                    /lib/x86_64-linux-gnu/libnsl-2.19.so
7f84bc90b000-7f84bcb0a000 ---p 00017000 08:03 1453177                    /lib/x86_64-linux-gnu/libnsl-2.19.so
7f84bcb0a000-7f84bcb0b000 r--p 00016000 08:03 1453177                    /lib/x86_64-linux-gnu/libnsl-2.19.so
7f84bcb0b000-7f84bcb0c000 rw-p 00017000 08:03 1453177                    /lib/x86_64-linux-gnu/libnsl-2.19.so
7f84bcb0c000-7f84bcb0e000 rw-p 00000000 00:00 0 
7f84bcb0e000-7f84bcb17000 r-xp 00000000 08:03 1453176                    /lib/x86_64-linux-gnu/libnss_compat-2.19.so
7f84bcb17000-7f84bcd16000 ---p 00009000 08:03 1453176                    /lib/x86_64-linux-gnu/libnss_compat-2.19.so
7f84bcd16000-7f84bcd17000 r--p 00008000 08:03 1453176                    /lib/x86_64-linux-gnu/libnss_compat-2.19.so
7f84bcd17000-7f84bcd18000 rw-p 00009000 08:03 1453176                    /lib/x86_64-linux-gnu/libnss_compat-2.19.so
7f84bcd18000-7f84bcd42000 r-xp 00000000 08:03 1453628                    /home/palash/jdk1.8.0_45/jre/lib/amd64/libjava.so
7f84bcd42000-7f84bcf42000 ---p 0002a000 08:03 1453628                    /home/palash/jdk1.8.0_45/jre/lib/amd64/libjava.so
7f84bcf42000-7f84bcf44000 rw-p 0002a000 08:03 1453628                    /home/palash/jdk1.8.0_45/jre/lib/amd64/libjava.so
7f84bcf44000-7f84bcf51000 r-xp 00000000 08:03 1453670                    /home/palash/jdk1.8.0_45/jre/lib/amd64/libverify.so
7f84bcf51000-7f84bd151000 ---p 0000d000 08:03 1453670                    /home/palash/jdk1.8.0_45/jre/lib/amd64/libverify.so
7f84bd151000-7f84bd153000 rw-p 0000d000 08:03 1453670                    /home/palash/jdk1.8.0_45/jre/lib/amd64/libverify.so
7f84bd153000-7f84bd15a000 r-xp 00000000 08:03 1453185                    /lib/x86_64-linux-gnu/librt-2.19.so
7f84bd15a000-7f84bd359000 ---p 00007000 08:03 1453185                    /lib/x86_64-linux-gnu/librt-2.19.so
7f84bd359000-7f84bd35a000 r--p 00006000 08:03 1453185                    /lib/x86_64-linux-gnu/librt-2.19.so
7f84bd35a000-7f84bd35b000 rw-p 00007000 08:03 1453185                    /lib/x86_64-linux-gnu/librt-2.19.so
7f84bd35b000-7f84bd460000 r-xp 00000000 08:03 1453167                    /lib/x86_64-linux-gnu/libm-2.19.so
7f84bd460000-7f84bd65f000 ---p 00105000 08:03 1453167                    /lib/x86_64-linux-gnu/libm-2.19.so
7f84bd65f000-7f84bd660000 r--p 00104000 08:03 1453167                    /lib/x86_64-linux-gnu/libm-2.19.so
7f84bd660000-7f84bd661000 rw-p 00105000 08:03 1453167                    /lib/x86_64-linux-gnu/libm-2.19.so
7f84bd661000-7f84be30f000 r-xp 00000000 08:03 1453676                    /home/palash/jdk1.8.0_45/jre/lib/amd64/server/libjvm.so
7f84be30f000-7f84be50e000 ---p 00cae000 08:03 1453676                    /home/palash/jdk1.8.0_45/jre/lib/amd64/server/libjvm.so
7f84be50e000-7f84be5e5000 rw-p 00cad000 08:03 1453676                    /home/palash/jdk1.8.0_45/jre/lib/amd64/server/libjvm.so
7f84be5e5000-7f84be629000 rw-p 00000000 00:00 0 
7f84be629000-7f84be7e4000 r-xp 00000000 08:03 1453182                    /lib/x86_64-linux-gnu/libc-2.19.so
7f84be7e4000-7f84be9e3000 ---p 001bb000 08:03 1453182                    /lib/x86_64-linux-gnu/libc-2.19.so
7f84be9e3000-7f84be9e7000 r--p 001ba000 08:03 1453182                    /lib/x86_64-linux-gnu/libc-2.19.so
7f84be9e7000-7f84be9e9000 rw-p 001be000 08:03 1453182                    /lib/x86_64-linux-gnu/libc-2.19.so
7f84be9e9000-7f84be9ee000 rw-p 00000000 00:00 0 
7f84be9ee000-7f84be9f1000 r-xp 00000000 08:03 1453171                    /lib/x86_64-linux-gnu/libdl-2.19.so
7f84be9f1000-7f84bebf0000 ---p 00003000 08:03 1453171                    /lib/x86_64-linux-gnu/libdl-2.19.so
7f84bebf0000-7f84bebf1000 r--p 00002000 08:03 1453171                    /lib/x86_64-linux-gnu/libdl-2.19.so
7f84bebf1000-7f84bebf2000 rw-p 00003000 08:03 1453171                    /lib/x86_64-linux-gnu/libdl-2.19.so
7f84bebf2000-7f84bec07000 r-xp 00000000 08:03 1453935                    /home/palash/jdk1.8.0_45/lib/amd64/jli/libjli.so
7f84bec07000-7f84bee07000 ---p 00015000 08:03 1453935                    /home/palash/jdk1.8.0_45/lib/amd64/jli/libjli.so
7f84bee07000-7f84bee08000 rw-p 00015000 08:03 1453935                    /home/palash/jdk1.8.0_45/lib/amd64/jli/libjli.so
7f84bee08000-7f84bee21000 r-xp 00000000 08:03 1453183                    /lib/x86_64-linux-gnu/libpthread-2.19.so
7f84bee21000-7f84bf020000 ---p 00019000 08:03 1453183                    /lib/x86_64-linux-gnu/libpthread-2.19.so
7f84bf020000-7f84bf021000 r--p 00018000 08:03 1453183                    /lib/x86_64-linux-gnu/libpthread-2.19.so
7f84bf021000-7f84bf022000 rw-p 00019000 08:03 1453183                    /lib/x86_64-linux-gnu/libpthread-2.19.so
7f84bf022000-7f84bf026000 rw-p 00000000 00:00 0 
7f84bf026000-7f84bf049000 r-xp 00000000 08:03 1453179                    /lib/x86_64-linux-gnu/ld-2.19.so
7f84bf050000-7f84bf129000 rw-p 00000000 00:00 0 
7f84bf129000-7f84bf12c000 ---p 00000000 00:00 0 
7f84bf12c000-7f84bf22e000 rw-p 00000000 00:00 0                          [stack:4252]
7f84bf232000-7f84bf233000 rw-p 00000000 00:00 0 
7f84bf233000-7f84bf23c000 r--s 00050000 08:03 930025                     /home/palash/AndroidStudioProjects/EsyaAndroidApp2015/app/build/intermediates/exploded-aar/com.google.android.gms/play-services-fitness/7.5.0/jars/classes.jar
7f84bf23c000-7f84bf244000 rw-s 00000000 08:03 406229                     /tmp/hsperfdata_palash/4250
7f84bf244000-7f84bf245000 rw-p 00000000 00:00 0 
7f84bf245000-7f84bf246000 ---p 00000000 00:00 0 
7f84bf246000-7f84bf248000 rw-p 00000000 00:00 0 
7f84bf248000-7f84bf249000 r--p 00022000 08:03 1453179                    /lib/x86_64-linux-gnu/ld-2.19.so
7f84bf249000-7f84bf24a000 rw-p 00023000 08:03 1453179                    /lib/x86_64-linux-gnu/ld-2.19.so
7f84bf24a000-7f84bf24b000 rw-p 00000000 00:00 0 
7ffd51899000-7ffd518ba000 rw-p 00000000 00:00 0                          [stack]
7ffd519b0000-7ffd519b2000 r-xp 00000000 00:00 0                          [vdso]
7ffd519b2000-7ffd519b4000 r--p 00000000 00:00 0                          [vvar]
ffffffffff600000-ffffffffff601000 r-xp 00000000 00:00 0                  [vsyscall]

VM Arguments:
jvm_args: -Xmx1024M -Dfile.encoding=UTF-8 -Duser.country=IN -Duser.language=en -Duser.variant 
java_command: com.android.dx.command.Main --dex --output /home/palash/AndroidStudioProjects/EsyaAndroidApp2015/app/build/intermediates/pre-dexed/debug/classes-5a7ec002beacbaa399f82d8cb59bdcbb9d208ed5.jar /home/palash/AndroidStudioProjects/EsyaAndroidApp2015/app/build/intermediates/exploded-aar/com.google.android.gms/play-services-fitness/7.5.0/jars/classes.jar
java_class_path (initial): /home/palash/Android/Sdk/build-tools/22.0.1/lib/dx.jar
Launcher Type: SUN_STANDARD

Environment Variables:
PATH=/usr/local/sbin:/usr/local/bin:/usr/sbin:/usr/bin:/sbin:/bin:/usr/games:/usr/local/games
USERNAME=palash
LD_LIBRARY_PATH=/home/palash/android-studio/bin:
SHELL=/bin/bash
DISPLAY=:0.0

Signal Handlers:
SIGSEGV: [libjvm.so+0xaad1e0], sa_mask[0]=11111111011111111101111111111110, sa_flags=SA_RESTART|SA_SIGINFO
SIGBUS: [libjvm.so+0xaad1e0], sa_mask[0]=11111111011111111101111111111110, sa_flags=SA_RESTART|SA_SIGINFO
SIGFPE: [libjvm.so+0x90b450], sa_mask[0]=11111111011111111101111111111110, sa_flags=SA_RESTART|SA_SIGINFO
SIGPIPE: [libjvm.so+0x90b450], sa_mask[0]=11111111011111111101111111111110, sa_flags=SA_RESTART|SA_SIGINFO
SIGXFSZ: [libjvm.so+0x90b450], sa_mask[0]=11111111011111111101111111111110, sa_flags=SA_RESTART|SA_SIGINFO
SIGILL: [libjvm.so+0x90b450], sa_mask[0]=11111111011111111101111111111110, sa_flags=SA_RESTART|SA_SIGINFO
SIGUSR1: SIG_DFL, sa_mask[0]=00000000000000000000000000000000, sa_flags=none
SIGUSR2: [libjvm.so+0x90ca90], sa_mask[0]=00100000000000000000000000000000, sa_flags=SA_RESTART|SA_SIGINFO
SIGHUP: [libjvm.so+0x90dde0], sa_mask[0]=11111111011111111101111111111110, sa_flags=SA_RESTART|SA_SIGINFO
SIGINT: [libjvm.so+0x90dde0], sa_mask[0]=11111111011111111101111111111110, sa_flags=SA_RESTART|SA_SIGINFO
SIGTERM: [libjvm.so+0x90dde0], sa_mask[0]=11111111011111111101111111111110, sa_flags=SA_RESTART|SA_SIGINFO
SIGQUIT: [libjvm.so+0x90dde0], sa_mask[0]=11111111011111111101111111111110, sa_flags=SA_RESTART|SA_SIGINFO


---------------  S Y S T E M  ---------------

OS:DISTRIB_ID=Ubuntu
DISTRIB_RELEASE=14.04
DISTRIB_CODENAME=trusty
DISTRIB_DESCRIPTION="Ubuntu 14.04.2 LTS"

uname:Linux 3.16.0-41-generic #55~14.04.1-Ubuntu SMP Sun Jun 14 18:43:36 UTC 2015 x86_64
libc:glibc 2.19 NPTL 2.19 
rlimit: STACK 8192k, CORE 0k, NPROC 15255, NOFILE 4096, AS infinity
load average:9.31 3.43 1.45

/proc/meminfo:
MemTotal:        3926812 kB
MemFree:          103944 kB
MemAvailable:      50172 kB
Buffers:             272 kB
Cached:           339340 kB
SwapCached:            0 kB
Active:          3337168 kB
Inactive:         305092 kB
Active(anon):    3323028 kB
Inactive(anon):   292200 kB
Active(file):      14140 kB
Inactive(file):    12892 kB
Unevictable:        1120 kB
Mlocked:            1120 kB
SwapTotal:             0 kB
SwapFree:              0 kB
Dirty:              7604 kB
Writeback:             0 kB
AnonPages:       3304648 kB
Mapped:           157224 kB
Shmem:            311752 kB
Slab:              65428 kB
SReclaimable:      34364 kB
SUnreclaim:        31064 kB
KernelStack:       10336 kB
PageTables:        36632 kB
NFS_Unstable:          0 kB
Bounce:                0 kB
WritebackTmp:          0 kB
CommitLimit:     1963404 kB
Committed_AS:    7350196 kB
VmallocTotal:   34359738367 kB
VmallocUsed:      404004 kB
VmallocChunk:   34359269500 kB
HardwareCorrupted:     0 kB
AnonHugePages:   1105920 kB
HugePages_Total:       0
HugePages_Free:        0
HugePages_Rsvd:        0
HugePages_Surp:        0
Hugepagesize:       2048 kB
DirectMap4k:       69912 kB
DirectMap2M:     4003840 kB


CPU:total 4 (2 cores per cpu, 2 threads per core) family 6 model 58 stepping 9, cmov, cx8, fxsr, mmx, sse, sse2, sse3, ssse3, sse4.1, sse4.2, popcnt, avx, aes, clmul, erms, ht, tsc, tscinvbit, tscinv

/proc/cpuinfo:
processor	: 0
vendor_id	: GenuineIntel
cpu family	: 6
model		: 58
model name	: Intel(R) Core(TM) i5-3337U CPU @ 1.80GHz
stepping	: 9
microcode	: 0x15
cpu MHz		: 2499.960
cache size	: 3072 KB
physical id	: 0
siblings	: 4
core id		: 0
cpu cores	: 2
apicid		: 0
initial apicid	: 0
fpu		: yes
fpu_exception	: yes
cpuid level	: 13
wp		: yes
flags		: fpu vme de pse tsc msr pae mce cx8 apic sep mtrr pge mca cmov pat pse36 clflush dts acpi mmx fxsr sse sse2 ss ht tm pbe syscall nx rdtscp lm constant_tsc arch_perfmon pebs bts rep_good nopl xtopology nonstop_tsc aperfmperf eagerfpu pni pclmulqdq dtes64 monitor ds_cpl vmx est tm2 ssse3 cx16 xtpr pdcm pcid sse4_1 sse4_2 x2apic popcnt tsc_deadline_timer aes xsave avx f16c rdrand lahf_lm ida arat epb xsaveopt pln pts dtherm tpr_shadow vnmi flexpriority ept vpid fsgsbase smep erms
bogomips	: 3591.86
clflush size	: 64
cache_alignment	: 64
address sizes	: 36 bits physical, 48 bits virtual
power management:

processor	: 1
vendor_id	: GenuineIntel
cpu family	: 6
model		: 58
model name	: Intel(R) Core(TM) i5-3337U CPU @ 1.80GHz
stepping	: 9
microcode	: 0x15
cpu MHz		: 2500.031
cache size	: 3072 KB
physical id	: 0
siblings	: 4
core id		: 0
cpu cores	: 2
apicid		: 1
initial apicid	: 1
fpu		: yes
fpu_exception	: yes
cpuid level	: 13
wp		: yes
flags		: fpu vme de pse tsc msr pae mce cx8 apic sep mtrr pge mca cmov pat pse36 clflush dts acpi mmx fxsr sse sse2 ss ht tm pbe syscall nx rdtscp lm constant_tsc arch_perfmon pebs bts rep_good nopl xtopology nonstop_tsc aperfmperf eagerfpu pni pclmulqdq dtes64 monitor ds_cpl vmx est tm2 ssse3 cx16 xtpr pdcm pcid sse4_1 sse4_2 x2apic popcnt tsc_deadline_timer aes xsave avx f16c rdrand lahf_lm ida arat epb xsaveopt pln pts dtherm tpr_shadow vnmi flexpriority ept vpid fsgsbase smep erms
bogomips	: 3591.86
clflush size	: 64
cache_alignment	: 64
address sizes	: 36 bits physical, 48 bits virtual
power management:

processor	: 2
vendor_id	: GenuineIntel
cpu family	: 6
model		: 58
model name	: Intel(R) Core(TM) i5-3337U CPU @ 1.80GHz
stepping	: 9
microcode	: 0x15
cpu MHz		: 2499.960
cache size	: 3072 KB
physical id	: 0
siblings	: 4
core id		: 1
cpu cores	: 2
apicid		: 2
initial apicid	: 2
fpu		: yes
fpu_exception	: yes
cpuid level	: 13
wp		: yes
flags		: fpu vme de pse tsc msr pae mce cx8 apic sep mtrr pge mca cmov pat pse36 clflush dts acpi mmx fxsr sse sse2 ss ht tm pbe syscall nx rdtscp lm constant_tsc arch_perfmon pebs bts rep_good nopl xtopology nonstop_tsc aperfmperf eagerfpu pni pclmulqdq dtes64 monitor ds_cpl vmx est tm2 ssse3 cx16 xtpr pdcm pcid sse4_1 sse4_2 x2apic popcnt tsc_deadline_timer aes xsave avx f16c rdrand lahf_lm ida arat epb xsaveopt pln pts dtherm tpr_shadow vnmi flexpriority ept vpid fsgsbase smep erms
bogomips	: 3591.86
clflush size	: 64
cache_alignment	: 64
address sizes	: 36 bits physical, 48 bits virtual
power management:

processor	: 3
vendor_id	: GenuineIntel
cpu family	: 6
model		: 58
model name	: Intel(R) Core(TM) i5-3337U CPU @ 1.80GHz
stepping	: 9
microcode	: 0x15
cpu MHz		: 2500.031
cache size	: 3072 KB
physical id	: 0
siblings	: 4
core id		: 1
cpu cores	: 2
apicid		: 3
initial apicid	: 3
fpu		: yes
fpu_exception	: yes
cpuid level	: 13
wp		: yes
flags		: fpu vme de pse tsc msr pae mce cx8 apic sep mtrr pge mca cmov pat pse36 clflush dts acpi mmx fxsr sse sse2 ss ht tm pbe syscall nx rdtscp lm constant_tsc arch_perfmon pebs bts rep_good nopl xtopology nonstop_tsc aperfmperf eagerfpu pni pclmulqdq dtes64 monitor ds_cpl vmx est tm2 ssse3 cx16 xtpr pdcm pcid sse4_1 sse4_2 x2apic popcnt tsc_deadline_timer aes xsave avx f16c rdrand lahf_lm ida arat epb xsaveopt pln pts dtherm tpr_shadow vnmi flexpriority ept vpid fsgsbase smep erms
bogomips	: 3591.86
clflush size	: 64
cache_alignment	: 64
address sizes	: 36 bits physical, 48 bits virtual
power management:



Memory: 4k page, physical 3926812k(103992k free), swap 0k(0k free)

vm_info: Java HotSpot(TM) 64-Bit Server VM (25.45-b02) for linux-amd64 JRE (1.8.0_45-b14), built on Apr 10 2015 10:07:45 by "java_re" with gcc 4.3.0 20080428 (Red Hat 4.3.0-8)

time: Tue Aug  4 23:33:25 2015
elapsed time: 8 seconds (0d 0h 0m 8s)

