#
# There is insufficient memory for the Java Runtime Environment to continue.
# Native memory allocation (mmap) failed to map 76546048 bytes for committing reserved memory.
# Possible reasons:
#   The system is out of physical RAM or swap space
#   In 32 bit mode, the process size limit was hit
# Possible solutions:
#   Reduce memory load on the system
#   Increase physical memory or swap space
#   Check if swap backing store is full
#   Use 64 bit Java on a 64 bit OS
#   Decrease Java heap size (-Xmx/-Xms)
#   Decrease number of Java threads
#   Decrease Java thread stack sizes (-Xss)
#   Set larger code cache with -XX:ReservedCodeCacheSize=
# This output file may be truncated or incomplete.
#
#  Out of Memory Error (os_linux.cpp:2673), pid=4082, tid=140174439720704
#
# JRE version: Java(TM) SE Runtime Environment (8.0_45-b14) (build 1.8.0_45-b14)
# Java VM: Java HotSpot(TM) 64-Bit Server VM (25.45-b02 mixed mode linux-amd64 compressed oops)
# Failed to write core dump. Core dumps have been disabled. To enable core dumping, try "ulimit -c unlimited" before starting Java again
#

---------------  T H R E A D  ---------------

Current thread (0x00007f7d00078000):  VMThread [stack: 0x00007f7ce79fa000,0x00007f7ce7afb000] [id=4091]

Stack: [0x00007f7ce79fa000,0x00007f7ce7afb000],  sp=0x00007f7ce7af9060,  free space=1020k
Native frames: (J=compiled Java code, j=interpreted, Vv=VM code, C=native code)
V  [libjvm.so+0xaac99a]  VMError::report_and_die()+0x2ba
V  [libjvm.so+0x4f333b]  report_vm_out_of_memory(char const*, int, unsigned long, VMErrorType, char const*)+0x8b
V  [libjvm.so+0x90e7c3]  os::Linux::commit_memory_impl(char*, unsigned long, bool)+0x103
V  [libjvm.so+0x90ed19]  os::pd_commit_memory(char*, unsigned long, unsigned long, bool)+0x29
V  [libjvm.so+0x90867a]  os::commit_memory(char*, unsigned long, unsigned long, bool)+0x2a
V  [libjvm.so+0x97bac3]  PSVirtualSpace::expand_by(unsigned long)+0x53
V  [libjvm.so+0x96c320]  PSOldGen::expand(unsigned long)+0x170
V  [libjvm.so+0x96c52b]  PSOldGen::resize(unsigned long)+0x1cb
V  [libjvm.so+0x974241]  PSParallelCompact::invoke_no_policy(bool)+0x9d1
V  [libjvm.so+0x979bed]  PSScavenge::invoke()+0x1ad
V  [libjvm.so+0x932050]  ParallelScavengeHeap::failed_mem_allocate(unsigned long)+0x70
V  [libjvm.so+0xaae1d7]  VM_ParallelGCFailedAllocation::doit()+0x97
V  [libjvm.so+0xab59c5]  VM_Operation::evaluate()+0x55
V  [libjvm.so+0xab3d9a]  VMThread::evaluate_operation(VM_Operation*)+0xba
V  [libjvm.so+0xab411e]  VMThread::loop()+0x1ce
V  [libjvm.so+0xab4590]  VMThread::run()+0x70
V  [libjvm.so+0x910de8]  java_start(Thread*)+0x108

VM_Operation (0x00007f7d061bdba0): ParallelGCFailedAllocation, mode: safepoint, requested by thread 0x00007f7d0000a000


---------------  P R O C E S S  ---------------

Java Threads: ( => current thread )
  0x00007f7d000c2000 JavaThread "Service Thread" daemon [_thread_blocked, id=4098, stack(0x00007f7ce6c11000,0x00007f7ce6d12000)]
  0x00007f7d000bd000 JavaThread "C1 CompilerThread2" daemon [_thread_blocked, id=4097, stack(0x00007f7ce6d12000,0x00007f7ce6e13000)]
  0x00007f7d000bb000 JavaThread "C2 CompilerThread1" daemon [_thread_blocked, id=4096, stack(0x00007f7ce6e13000,0x00007f7ce6f14000)]
  0x00007f7d000b8800 JavaThread "C2 CompilerThread0" daemon [_thread_blocked, id=4095, stack(0x00007f7ce6f14000,0x00007f7ce7015000)]
  0x00007f7d000b7000 JavaThread "Signal Dispatcher" daemon [_thread_blocked, id=4094, stack(0x00007f7ce7015000,0x00007f7ce7116000)]
  0x00007f7d0007f000 JavaThread "Finalizer" daemon [_thread_blocked, id=4093, stack(0x00007f7ce77f8000,0x00007f7ce78f9000)]
  0x00007f7d0007d000 JavaThread "Reference Handler" daemon [_thread_blocked, id=4092, stack(0x00007f7ce78f9000,0x00007f7ce79fa000)]
  0x00007f7d0000a000 JavaThread "main" [_thread_blocked, id=4084, stack(0x00007f7d060bf000,0x00007f7d061c0000)]

Other Threads:
=>0x00007f7d00078000 VMThread [stack: 0x00007f7ce79fa000,0x00007f7ce7afb000] [id=4091]
  0x00007f7d000c4800 WatcherThread [stack: 0x00007f7ce6b10000,0x00007f7ce6c11000] [id=4099]

VM state:at safepoint (normal execution)

VM Mutex/Monitor currently owned by a thread:  ([mutex/lock_event])
[0x00007f7d00005d40] ExpandHeap_lock - owner thread: 0x00007f7d00078000
[0x00007f7d000063c0] Threads_lock - owner thread: 0x00007f7d00078000
[0x00007f7d000068c0] Heap_lock - owner thread: 0x00007f7d0000a000

Heap:
 PSYoungGen      total 250368K, used 0K [0x00000000eab00000, 0x00000000fef80000, 0x0000000100000000)
  eden space 214528K, 0% used [0x00000000eab00000,0x00000000eab00000,0x00000000f7c80000)
  from space 35840K, 0% used [0x00000000fba00000,0x00000000fba00000,0x00000000fdd00000)
  to   space 58880K, 0% used [0x00000000f7c80000,0x00000000f7c80000,0x00000000fb600000)
 ParOldGen       total 132096K, used 113525K [0x00000000c0000000, 0x00000000c8100000, 0x00000000eab00000)
  object space 132096K, 85% used [0x00000000c0000000,0x00000000c6edd4c0,0x00000000c8100000)
 Metaspace       used 6009K, capacity 7152K, committed 7296K, reserved 1056768K
  class space    used 566K, capacity 616K, committed 640K, reserved 1048576K

Card table byte_map: [0x00007f7cefbad000,0x00007f7cefdae000] byte_map_base: 0x00007f7cef5ad000

Marking Bits: (ParMarkBitMap*) 0x00007f7d05594760
 Begin Bits: [0x00007f7ced653000, 0x00007f7cee653000)
 End Bits:   [0x00007f7cee653000, 0x00007f7cef653000)

Polling page: 0x00007f7d061db000

CodeCache: size=245760Kb used=8622Kb max_used=8643Kb free=237137Kb
 bounds [0x00007f7cf016e000, 0x00007f7cf09ee000, 0x00007f7cff16e000]
 total_blobs=2119 nmethods=1855 adapters=178
 compilation: enabled

Compilation events (10 events):
Event: 25.699 Thread 0x00007f7d000bb000 nmethod 1947 0x00007f7cf0957750 code [0x00007f7cf0957960, 0x00007f7cf0958000]
Event: 25.699 Thread 0x00007f7d000bb000 1960       4       com.android.dx.ssa.Dominators::eval (29 bytes)
Event: 25.700 Thread 0x00007f7d000bb000 nmethod 1960 0x00007f7cf098cbd0 code [0x00007f7cf098cd20, 0x00007f7cf098ce28]
Event: 25.700 Thread 0x00007f7d000bb000 1731       4       java.util.ArrayList$SubList::removeRange (47 bytes)
Event: 25.726 Thread 0x00007f7d000bb000 nmethod 1731 0x00007f7cf0984750 code [0x00007f7cf09848c0, 0x00007f7cf0984b38]
Event: 25.726 Thread 0x00007f7d000bb000 1733       4       com.android.dx.ssa.SsaBasicBlock::scheduleMovesFromPhis (108 bytes)
Event: 25.740 Thread 0x00007f7d000bb000 nmethod 1733 0x00007f7cf0984150 code [0x00007f7cf09842c0, 0x00007f7cf0984508]
Event: 25.740 Thread 0x00007f7d000bb000 1961       4       com.android.dx.ssa.Dominators::getPreds (17 bytes)
Event: 25.740 Thread 0x00007f7d000bb000 nmethod 1961 0x00007f7cf098c8d0 code [0x00007f7cf098ca20, 0x00007f7cf098cab8]
Event: 25.741 Thread 0x00007f7d000bb000 1807       4       com.android.dx.rop.code.Rops::ropFor (771 bytes)

GC Heap History (10 events):
Event: 17.016 GC heap after
Heap after GC invocations=10 (full 0):
 PSYoungGen      total 209408K, used 17659K [0x00000000eab00000, 0x00000000f9100000, 0x0000000100000000)
  eden space 187904K, 0% used [0x00000000eab00000,0x00000000eab00000,0x00000000f6280000)
  from space 21504K, 82% used [0x00000000f7900000,0x00000000f8a3ee30,0x00000000f8e00000)
  to   space 23040K, 0% used [0x00000000f6280000,0x00000000f6280000,0x00000000f7900000)
 ParOldGen       total 41472K, used 40987K [0x00000000c0000000, 0x00000000c2880000, 0x00000000eab00000)
  object space 41472K, 98% used [0x00000000c0000000,0x00000000c2806cf8,0x00000000c2880000)
 Metaspace       used 5992K, capacity 7152K, committed 7296K, reserved 1056768K
  class space    used 566K, capacity 616K, committed 640K, reserved 1048576K
}
Event: 17.016 GC heap before
{Heap before GC invocations=11 (full 1):
 PSYoungGen      total 209408K, used 17659K [0x00000000eab00000, 0x00000000f9100000, 0x0000000100000000)
  eden space 187904K, 0% used [0x00000000eab00000,0x00000000eab00000,0x00000000f6280000)
  from space 21504K, 82% used [0x00000000f7900000,0x00000000f8a3ee30,0x00000000f8e00000)
  to   space 23040K, 0% used [0x00000000f6280000,0x00000000f6280000,0x00000000f7900000)
 ParOldGen       total 41472K, used 40987K [0x00000000c0000000, 0x00000000c2880000, 0x00000000eab00000)
  object space 41472K, 98% used [0x00000000c0000000,0x00000000c2806cf8,0x00000000c2880000)
 Metaspace       used 5992K, capacity 7152K, committed 7296K, reserved 1056768K
  class space    used 566K, capacity 616K, committed 640K, reserved 1048576K
Event: 18.190 GC heap after
Heap after GC invocations=11 (full 1):
 PSYoungGen      total 209408K, used 9184K [0x00000000eab00000, 0x00000000f9100000, 0x0000000100000000)
  eden space 187904K, 0% used [0x00000000eab00000,0x00000000eab00000,0x00000000f6280000)
  from space 21504K, 42% used [0x00000000f7900000,0x00000000f81f8298,0x00000000f8e00000)
  to   space 23040K, 0% used [0x00000000f6280000,0x00000000f6280000,0x00000000f7900000)
 ParOldGen       total 74240K, used 41129K [0x00000000c0000000, 0x00000000c4880000, 0x00000000eab00000)
  object space 74240K, 55% used [0x00000000c0000000,0x00000000c282a548,0x00000000c4880000)
 Metaspace       used 5992K, capacity 7152K, committed 7296K, reserved 1056768K
  class space    used 566K, capacity 616K, committed 640K, reserved 1048576K
}
Event: 20.830 GC heap before
{Heap before GC invocations=12 (full 1):
 PSYoungGen      total 209408K, used 197088K [0x00000000eab00000, 0x00000000f9100000, 0x0000000100000000)
  eden space 187904K, 100% used [0x00000000eab00000,0x00000000f6280000,0x00000000f6280000)
  from space 21504K, 42% used [0x00000000f7900000,0x00000000f81f8298,0x00000000f8e00000)
  to   space 23040K, 0% used [0x00000000f6280000,0x00000000f6280000,0x00000000f7900000)
 ParOldGen       total 74240K, used 41129K [0x00000000c0000000, 0x00000000c4880000, 0x00000000eab00000)
  object space 74240K, 55% used [0x00000000c0000000,0x00000000c282a548,0x00000000c4880000)
 Metaspace       used 6002K, capacity 7152K, committed 7296K, reserved 1056768K
  class space    used 566K, capacity 616K, committed 640K, reserved 1048576K
Event: 21.028 GC heap after
Heap after GC invocations=12 (full 1):
 PSYoungGen      total 210944K, used 23008K [0x00000000eab00000, 0x00000000fdd00000, 0x0000000100000000)
  eden space 187904K, 0% used [0x00000000eab00000,0x00000000eab00000,0x00000000f6280000)
  from space 23040K, 99% used [0x00000000f6280000,0x00000000f78f8010,0x00000000f7900000)
  to   space 35840K, 0% used [0x00000000fba00000,0x00000000fba00000,0x00000000fdd00000)
 ParOldGen       total 74240K, used 65623K [0x00000000c0000000, 0x00000000c4880000, 0x00000000eab00000)
  object space 74240K, 88% used [0x00000000c0000000,0x00000000c4015ca8,0x00000000c4880000)
 Metaspace       used 6002K, capacity 7152K, committed 7296K, reserved 1056768K
  class space    used 566K, capacity 616K, committed 640K, reserved 1048576K
}
Event: 21.028 GC heap before
{Heap before GC invocations=13 (full 2):
 PSYoungGen      total 210944K, used 23008K [0x00000000eab00000, 0x00000000fdd00000, 0x0000000100000000)
  eden space 187904K, 0% used [0x00000000eab00000,0x00000000eab00000,0x00000000f6280000)
  from space 23040K, 99% used [0x00000000f6280000,0x00000000f78f8010,0x00000000f7900000)
  to   space 35840K, 0% used [0x00000000fba00000,0x00000000fba00000,0x00000000fdd00000)
 ParOldGen       total 74240K, used 65623K [0x00000000c0000000, 0x00000000c4880000, 0x00000000eab00000)
  object space 74240K, 88% used [0x00000000c0000000,0x00000000c4015ca8,0x00000000c4880000)
 Metaspace       used 6002K, capacity 7152K, committed 7296K, reserved 1056768K
  class space    used 566K, capacity 616K, committed 640K, reserved 1048576K
Event: 22.402 GC heap after
Heap after GC invocations=13 (full 2):
 PSYoungGen      total 210944K, used 13235K [0x00000000eab00000, 0x00000000fdd00000, 0x0000000100000000)
  eden space 187904K, 0% used [0x00000000eab00000,0x00000000eab00000,0x00000000f6280000)
  from space 23040K, 57% used [0x00000000f6280000,0x00000000f6f6cfb0,0x00000000f7900000)
  to   space 35840K, 0% used [0x00000000fba00000,0x00000000fba00000,0x00000000fdd00000)
 ParOldGen       total 132096K, used 73746K [0x00000000c0000000, 0x00000000c8100000, 0x00000000eab00000)
  object space 132096K, 55% used [0x00000000c0000000,0x00000000c4804830,0x00000000c8100000)
 Metaspace       used 6002K, capacity 7152K, committed 7296K, reserved 1056768K
  class space    used 566K, capacity 616K, committed 640K, reserved 1048576K
}
Event: 25.778 GC heap before
{Heap before GC invocations=14 (full 2):
 PSYoungGen      total 210944K, used 201139K [0x00000000eab00000, 0x00000000fdd00000, 0x0000000100000000)
  eden space 187904K, 100% used [0x00000000eab00000,0x00000000f6280000,0x00000000f6280000)
  from space 23040K, 57% used [0x00000000f6280000,0x00000000f6f6cfb0,0x00000000f7900000)
  to   space 35840K, 0% used [0x00000000fba00000,0x00000000fba00000,0x00000000fdd00000)
 ParOldGen       total 132096K, used 73746K [0x00000000c0000000, 0x00000000c8100000, 0x00000000eab00000)
  object space 132096K, 55% used [0x00000000c0000000,0x00000000c4804830,0x00000000c8100000)
 Metaspace       used 6009K, capacity 7152K, committed 7296K, reserved 1056768K
  class space    used 566K, capacity 616K, committed 640K, reserved 1048576K
Event: 26.103 GC heap after
Heap after GC invocations=14 (full 2):
 PSYoungGen      total 250368K, used 35814K [0x00000000eab00000, 0x00000000fef80000, 0x0000000100000000)
  eden space 214528K, 0% used [0x00000000eab00000,0x00000000eab00000,0x00000000f7c80000)
  from space 35840K, 99% used [0x00000000fba00000,0x00000000fdcf9b40,0x00000000fdd00000)
  to   space 58880K, 0% used [0x00000000f7c80000,0x00000000f7c80000,0x00000000fb600000)
 ParOldGen       total 132096K, used 121270K [0x00000000c0000000, 0x00000000c8100000, 0x00000000eab00000)
  object space 132096K, 91% used [0x00000000c0000000,0x00000000c766da88,0x00000000c8100000)
 Metaspace       used 6009K, capacity 7152K, committed 7296K, reserved 1056768K
  class space    used 566K, capacity 616K, committed 640K, reserved 1048576K
}
Event: 26.103 GC heap before
{Heap before GC invocations=15 (full 3):
 PSYoungGen      total 250368K, used 35814K [0x00000000eab00000, 0x00000000fef80000, 0x0000000100000000)
  eden space 214528K, 0% used [0x00000000eab00000,0x00000000eab00000,0x00000000f7c80000)
  from space 35840K, 99% used [0x00000000fba00000,0x00000000fdcf9b40,0x00000000fdd00000)
  to   space 58880K, 0% used [0x00000000f7c80000,0x00000000f7c80000,0x00000000fb600000)
 ParOldGen       total 132096K, used 121270K [0x00000000c0000000, 0x00000000c8100000, 0x00000000eab00000)
  object space 132096K, 91% used [0x00000000c0000000,0x00000000c766da88,0x00000000c8100000)
 Metaspace       used 6009K, capacity 7152K, committed 7296K, reserved 1056768K
  class space    used 566K, capacity 616K, committed 640K, reserved 1048576K

Deoptimization events (10 events):
Event: 9.427 Thread 0x00007f7d0000a000 Uncommon trap: reason=bimorphic action=maybe_recompile pc=0x00007f7cf0801fc4 method=com.android.dx.cf.code.BytecodeArray.parseInstruction(ILcom/android/dx/cf/code/BytecodeArray$Visitor;)I @ 2135
Event: 13.921 Thread 0x00007f7d0000a000 Uncommon trap: reason=unstable_if action=reinterpret pc=0x00007f7cf0588c7c method=com.android.dx.ssa.SetFactory.makeLivenessSet(I)Lcom/android/dx/util/IntSet; @ 4
Event: 13.921 Thread 0x00007f7d0000a000 Uncommon trap: reason=unstable_if action=reinterpret pc=0x00007f7cf058ecbc method=com.android.dx.ssa.SetFactory.makeLivenessSet(I)Lcom/android/dx/util/IntSet; @ 4
Event: 13.950 Thread 0x00007f7d0000a000 Uncommon trap: reason=class_check action=maybe_recompile pc=0x00007f7cf0597094 method=com.android.dx.ssa.back.InterferenceGraph.add(II)V @ 19
Event: 13.950 Thread 0x00007f7d0000a000 Uncommon trap: reason=class_check action=maybe_recompile pc=0x00007f7cf0597094 method=com.android.dx.ssa.back.InterferenceGraph.add(II)V @ 19
Event: 13.950 Thread 0x00007f7d0000a000 Uncommon trap: reason=class_check action=maybe_recompile pc=0x00007f7cf0597094 method=com.android.dx.ssa.back.InterferenceGraph.add(II)V @ 19
Event: 13.950 Thread 0x00007f7d0000a000 Uncommon trap: reason=class_check action=maybe_recompile pc=0x00007f7cf0597094 method=com.android.dx.ssa.back.InterferenceGraph.add(II)V @ 19
Event: 19.482 Thread 0x00007f7d0000a000 Uncommon trap: reason=bimorphic action=maybe_recompile pc=0x00007f7cf088bb94 method=com.android.dx.cf.code.BytecodeArray.parseInstruction(ILcom/android/dx/cf/code/BytecodeArray$Visitor;)I @ 2484
Event: 19.482 Thread 0x00007f7d0000a000 Uncommon trap: reason=bimorphic action=maybe_recompile pc=0x00007f7cf088bb94 method=com.android.dx.cf.code.BytecodeArray.parseInstruction(ILcom/android/dx/cf/code/BytecodeArray$Visitor;)I @ 2484
Event: 23.808 Thread 0x00007f7d0000a000 Uncommon trap: reason=class_check action=maybe_recompile pc=0x00007f7cf08c9adc method=com.android.dx.cf.code.RopperMachine.run(Lcom/android/dx/cf/code/Frame;II)V @ 1024

Internal exceptions (6 events):
Event: 0.198 Thread 0x00007f7d0000a000 Exception <a 'java/lang/NoSuchMethodError': Method sun.misc.Unsafe.defineClass(Ljava/lang/String;[BII)Ljava/lang/Class; name or signature does not match> (0x00000000eab12a38) thrown at [/RE-WORK/workspace/8-2-build-linux-amd64/jdk8u45/3457/hotspot/src/sha
Event: 0.198 Thread 0x00007f7d0000a000 Exception <a 'java/lang/NoSuchMethodError': Method sun.misc.Unsafe.prefetchRead(Ljava/lang/Object;J)V name or signature does not match> (0x00000000eab12cc8) thrown at [/RE-WORK/workspace/8-2-build-linux-amd64/jdk8u45/3457/hotspot/src/share/vm/prims/jni.cp
Event: 4.340 Thread 0x00007f7d0000a000 Implicit null exception at 0x00007f7cf04a1922 to 0x00007f7cf04a1a13
Event: 9.022 Thread 0x00007f7d0000a000 Exception <a 'java/lang/ArrayIndexOutOfBoundsException': 18> (0x00000000ed9273a8) thrown at [/RE-WORK/workspace/8-2-build-linux-amd64/jdk8u45/3457/hotspot/src/share/vm/interpreter/interpreterRuntime.cpp, line 366]
Event: 9.023 Thread 0x00007f7d0000a000 Exception <a 'java/lang/ArrayIndexOutOfBoundsException'> (0x00000000ed928e78) thrown at [/RE-WORK/workspace/8-2-build-linux-amd64/jdk8u45/3457/hotspot/src/share/vm/runtime/sharedRuntime.cpp, line 605]
Event: 9.024 Thread 0x00007f7d0000a000 Exception <a 'java/lang/ArrayIndexOutOfBoundsException'> (0x00000000ed92a0b0) thrown at [/RE-WORK/workspace/8-2-build-linux-amd64/jdk8u45/3457/hotspot/src/share/vm/runtime/sharedRuntime.cpp, line 605]

Events (10 events):
Event: 23.339 Thread 0x00007f7d0000a000 DEOPT PACKING pc=0x00007f7cf056ce24 sp=0x00007f7d061bdc00
Event: 23.339 Thread 0x00007f7d0000a000 DEOPT UNPACKING pc=0x00007f7cf01b5633 sp=0x00007f7d061bd9a0 mode 0
Event: 23.683 Thread 0x00007f7d0000a000 DEOPT PACKING pc=0x00007f7cf05d2b8e sp=0x00007f7d061bda40
Event: 23.683 Thread 0x00007f7d0000a000 DEOPT UNPACKING pc=0x00007f7cf01b5633 sp=0x00007f7d061bd8a0 mode 0
Event: 23.808 Thread 0x00007f7d0000a000 Uncommon trap: trap_request=0xffffffde fr.pc=0x00007f7cf08c9adc
Event: 23.808 Thread 0x00007f7d0000a000 DEOPT PACKING pc=0x00007f7cf08c9adc sp=0x00007f7d061bd890
Event: 23.808 Thread 0x00007f7d0000a000 DEOPT UNPACKING pc=0x00007f7cf0173229 sp=0x00007f7d061bd838 mode 2
Event: 25.293 Thread 0x00007f7d0000a000 DEOPT PACKING pc=0x00007f7cf05d2b8e sp=0x00007f7d061bda40
Event: 25.294 Thread 0x00007f7d0000a000 DEOPT UNPACKING pc=0x00007f7cf01b5633 sp=0x00007f7d061bd8a0 mode 0
Event: 25.778 Executing VM operation: ParallelGCFailedAllocation


Dynamic libraries:
00400000-00401000 r-xp 00000000 08:03 1453774                            /home/palash/jdk1.8.0_45/bin/java
00600000-00601000 rw-p 00000000 08:03 1453774                            /home/palash/jdk1.8.0_45/bin/java
015eb000-0160c000 rw-p 00000000 00:00 0                                  [heap]
c0000000-c8100000 rw-p 00000000 00:00 0 
cca00000-eab00000 ---p 00000000 00:00 0 
eab00000-fef80000 rw-p 00000000 00:00 0 
fef80000-100000000 ---p 00000000 00:00 0 
100000000-1000a0000 rw-p 00000000 00:00 0 
1000a0000-140000000 ---p 00000000 00:00 0 
7f7cb0000000-7f7cb0021000 rw-p 00000000 00:00 0 
7f7cb0021000-7f7cb4000000 ---p 00000000 00:00 0 
7f7cb4000000-7f7cb4021000 rw-p 00000000 00:00 0 
7f7cb4021000-7f7cb8000000 ---p 00000000 00:00 0 
7f7cb8000000-7f7cba284000 rw-p 00000000 00:00 0 
7f7cba284000-7f7cbc000000 ---p 00000000 00:00 0 
7f7cbc000000-7f7cbc92c000 rw-p 00000000 00:00 0 
7f7cbc92c000-7f7cc0000000 ---p 00000000 00:00 0 
7f7cc0000000-7f7cc0021000 rw-p 00000000 00:00 0 
7f7cc0021000-7f7cc4000000 ---p 00000000 00:00 0 
7f7cc4000000-7f7cc5f19000 rw-p 00000000 00:00 0 
7f7cc5f19000-7f7cc8000000 ---p 00000000 00:00 0 
7f7cc8000000-7f7cc8021000 rw-p 00000000 00:00 0 
7f7cc8021000-7f7ccc000000 ---p 00000000 00:00 0 
7f7ccc000000-7f7ccc021000 rw-p 00000000 00:00 0 
7f7ccc021000-7f7cd0000000 ---p 00000000 00:00 0 
7f7cd0000000-7f7cd0021000 rw-p 00000000 00:00 0 
7f7cd0021000-7f7cd4000000 ---p 00000000 00:00 0 
7f7cd4000000-7f7cd4293000 rw-p 00000000 00:00 0 
7f7cd4293000-7f7cd8000000 ---p 00000000 00:00 0 
7f7cd8000000-7f7cd8021000 rw-p 00000000 00:00 0 
7f7cd8021000-7f7cdc000000 ---p 00000000 00:00 0 
7f7ce0000000-7f7ce0021000 rw-p 00000000 00:00 0 
7f7ce0021000-7f7ce4000000 ---p 00000000 00:00 0 
7f7ce6b10000-7f7ce6b11000 ---p 00000000 00:00 0 
7f7ce6b11000-7f7ce6c11000 rw-p 00000000 00:00 0                          [stack:4099]
7f7ce6c11000-7f7ce6c14000 ---p 00000000 00:00 0 
7f7ce6c14000-7f7ce6d12000 rw-p 00000000 00:00 0                          [stack:4098]
7f7ce6d12000-7f7ce6d15000 ---p 00000000 00:00 0 
7f7ce6d15000-7f7ce6e13000 rw-p 00000000 00:00 0                          [stack:4097]
7f7ce6e13000-7f7ce6e16000 ---p 00000000 00:00 0 
7f7ce6e16000-7f7ce6f14000 rw-p 00000000 00:00 0                          [stack:4096]
7f7ce6f14000-7f7ce6f17000 ---p 00000000 00:00 0 
7f7ce6f17000-7f7ce7015000 rw-p 00000000 00:00 0                          [stack:4095]
7f7ce7015000-7f7ce7018000 ---p 00000000 00:00 0 
7f7ce7018000-7f7ce7116000 rw-p 00000000 00:00 0                          [stack:4094]
7f7ce7116000-7f7ce77f8000 r--p 00000000 08:03 1187957                    /usr/lib/locale/locale-archive
7f7ce77f8000-7f7ce77fb000 ---p 00000000 00:00 0 
7f7ce77fb000-7f7ce78f9000 rw-p 00000000 00:00 0                          [stack:4093]
7f7ce78f9000-7f7ce78fc000 ---p 00000000 00:00 0 
7f7ce78fc000-7f7ce79fa000 rw-p 00000000 00:00 0                          [stack:4092]
7f7ce79fa000-7f7ce79fb000 ---p 00000000 00:00 0 
7f7ce79fb000-7f7ce8000000 rw-p 00000000 00:00 0                          [stack:4091]
7f7ce8000000-7f7ce8021000 rw-p 00000000 00:00 0 
7f7ce8021000-7f7cec000000 ---p 00000000 00:00 0 
7f7cec01f000-7f7cec02e000 r--s 000dd000 08:03 529518                     /home/palash/Android/Sdk/build-tools/22.0.1/lib/dx.jar
7f7cec02e000-7f7ceca7a000 rw-p 00000000 00:00 0 
7f7ceca7a000-7f7cecc53000 r--s 03d09000 08:03 1329345                    /home/palash/jdk1.8.0_45/jre/lib/rt.jar
7f7cecc53000-7f7ced2d3000 rw-p 00000000 00:00 0 
7f7ced2d3000-7f7ced453000 ---p 00000000 00:00 0 
7f7ced453000-7f7cef653000 rw-p 00000000 00:00 0 
7f7cef653000-7f7cef654000 ---p 00000000 00:00 0 
7f7cef654000-7f7cef754000 rw-p 00000000 00:00 0                          [stack:4090]
7f7cef754000-7f7cef755000 ---p 00000000 00:00 0 
7f7cef755000-7f7cef855000 rw-p 00000000 00:00 0                          [stack:4089]
7f7cef855000-7f7cef856000 ---p 00000000 00:00 0 
7f7cef856000-7f7cef956000 rw-p 00000000 00:00 0                          [stack:4088]
7f7cef956000-7f7cef957000 ---p 00000000 00:00 0 
7f7cef957000-7f7cefa98000 rw-p 00000000 00:00 0                          [stack:4087]
7f7cefa98000-7f7cefbad000 ---p 00000000 00:00 0 
7f7cefbad000-7f7cefbee000 rw-p 00000000 00:00 0 
7f7cefbee000-7f7cefd02000 ---p 00000000 00:00 0 
7f7cefd02000-7f7cefda5000 rw-p 00000000 00:00 0 
7f7cefda5000-7f7cefdad000 ---p 00000000 00:00 0 
7f7cefdad000-7f7cefdd0000 rw-p 00000000 00:00 0 
7f7cefdd0000-7f7cf016e000 ---p 00000000 00:00 0 
7f7cf016e000-7f7cf09ee000 rwxp 00000000 00:00 0 
7f7cf09ee000-7f7cff16e000 ---p 00000000 00:00 0 
7f7cff16e000-7f7cff188000 r-xp 00000000 08:03 1453635                    /home/palash/jdk1.8.0_45/jre/lib/amd64/libzip.so
7f7cff188000-7f7cff388000 ---p 0001a000 08:03 1453635                    /home/palash/jdk1.8.0_45/jre/lib/amd64/libzip.so
7f7cff388000-7f7cff389000 rw-p 0001a000 08:03 1453635                    /home/palash/jdk1.8.0_45/jre/lib/amd64/libzip.so
7f7cff389000-7f7cff394000 r-xp 00000000 08:03 1453168                    /lib/x86_64-linux-gnu/libnss_files-2.19.so
7f7cff394000-7f7cff593000 ---p 0000b000 08:03 1453168                    /lib/x86_64-linux-gnu/libnss_files-2.19.so
7f7cff593000-7f7cff594000 r--p 0000a000 08:03 1453168                    /lib/x86_64-linux-gnu/libnss_files-2.19.so
7f7cff594000-7f7cff595000 rw-p 0000b000 08:03 1453168                    /lib/x86_64-linux-gnu/libnss_files-2.19.so
7f7cff595000-7f7cff5a0000 r-xp 00000000 08:03 1453188                    /lib/x86_64-linux-gnu/libnss_nis-2.19.so
7f7cff5a0000-7f7cff79f000 ---p 0000b000 08:03 1453188                    /lib/x86_64-linux-gnu/libnss_nis-2.19.so
7f7cff79f000-7f7cff7a0000 r--p 0000a000 08:03 1453188                    /lib/x86_64-linux-gnu/libnss_nis-2.19.so
7f7cff7a0000-7f7cff7a1000 rw-p 0000b000 08:03 1453188                    /lib/x86_64-linux-gnu/libnss_nis-2.19.so
7f7cff7a1000-7f7cff7b8000 r-xp 00000000 08:03 1453177                    /lib/x86_64-linux-gnu/libnsl-2.19.so
7f7cff7b8000-7f7cff9b7000 ---p 00017000 08:03 1453177                    /lib/x86_64-linux-gnu/libnsl-2.19.so
7f7cff9b7000-7f7cff9b8000 r--p 00016000 08:03 1453177                    /lib/x86_64-linux-gnu/libnsl-2.19.so
7f7cff9b8000-7f7cff9b9000 rw-p 00017000 08:03 1453177                    /lib/x86_64-linux-gnu/libnsl-2.19.so
7f7cff9b9000-7f7cff9bb000 rw-p 00000000 00:00 0 
7f7cff9bb000-7f7cff9c4000 r-xp 00000000 08:03 1453176                    /lib/x86_64-linux-gnu/libnss_compat-2.19.so
7f7cff9c4000-7f7cffbc3000 ---p 00009000 08:03 1453176                    /lib/x86_64-linux-gnu/libnss_compat-2.19.so
7f7cffbc3000-7f7cffbc4000 r--p 00008000 08:03 1453176                    /lib/x86_64-linux-gnu/libnss_compat-2.19.so
7f7cffbc4000-7f7cffbc5000 rw-p 00009000 08:03 1453176                    /lib/x86_64-linux-gnu/libnss_compat-2.19.so
7f7cffbc5000-7f7cffbef000 r-xp 00000000 08:03 1453628                    /home/palash/jdk1.8.0_45/jre/lib/amd64/libjava.so
7f7cffbef000-7f7cffdef000 ---p 0002a000 08:03 1453628                    /home/palash/jdk1.8.0_45/jre/lib/amd64/libjava.so
7f7cffdef000-7f7cffdf1000 rw-p 0002a000 08:03 1453628                    /home/palash/jdk1.8.0_45/jre/lib/amd64/libjava.so
7f7cffdf1000-7f7cffdfe000 r-xp 00000000 08:03 1453670                    /home/palash/jdk1.8.0_45/jre/lib/amd64/libverify.so
7f7cffdfe000-7f7cffffe000 ---p 0000d000 08:03 1453670                    /home/palash/jdk1.8.0_45/jre/lib/amd64/libverify.so
7f7cffffe000-7f7d00000000 rw-p 0000d000 08:03 1453670                    /home/palash/jdk1.8.0_45/jre/lib/amd64/libverify.so
7f7d00000000-7f7d00390000 rw-p 00000000 00:00 0 
7f7d00390000-7f7d04000000 ---p 00000000 00:00 0 
7f7d04003000-7f7d040e9000 rw-p 00000000 00:00 0 
7f7d040e9000-7f7d040f0000 r-xp 00000000 08:03 1453185                    /lib/x86_64-linux-gnu/librt-2.19.so
7f7d040f0000-7f7d042ef000 ---p 00007000 08:03 1453185                    /lib/x86_64-linux-gnu/librt-2.19.so
7f7d042ef000-7f7d042f0000 r--p 00006000 08:03 1453185                    /lib/x86_64-linux-gnu/librt-2.19.so
7f7d042f0000-7f7d042f1000 rw-p 00007000 08:03 1453185                    /lib/x86_64-linux-gnu/librt-2.19.so
7f7d042f1000-7f7d043f6000 r-xp 00000000 08:03 1453167                    /lib/x86_64-linux-gnu/libm-2.19.so
7f7d043f6000-7f7d045f5000 ---p 00105000 08:03 1453167                    /lib/x86_64-linux-gnu/libm-2.19.so
7f7d045f5000-7f7d045f6000 r--p 00104000 08:03 1453167                    /lib/x86_64-linux-gnu/libm-2.19.so
7f7d045f6000-7f7d045f7000 rw-p 00105000 08:03 1453167                    /lib/x86_64-linux-gnu/libm-2.19.so
7f7d045f7000-7f7d052a5000 r-xp 00000000 08:03 1453676                    /home/palash/jdk1.8.0_45/jre/lib/amd64/server/libjvm.so
7f7d052a5000-7f7d054a4000 ---p 00cae000 08:03 1453676                    /home/palash/jdk1.8.0_45/jre/lib/amd64/server/libjvm.so
7f7d054a4000-7f7d0557b000 rw-p 00cad000 08:03 1453676                    /home/palash/jdk1.8.0_45/jre/lib/amd64/server/libjvm.so
7f7d0557b000-7f7d055bf000 rw-p 00000000 00:00 0 
7f7d055bf000-7f7d0577a000 r-xp 00000000 08:03 1453182                    /lib/x86_64-linux-gnu/libc-2.19.so
7f7d0577a000-7f7d05979000 ---p 001bb000 08:03 1453182                    /lib/x86_64-linux-gnu/libc-2.19.so
7f7d05979000-7f7d0597d000 r--p 001ba000 08:03 1453182                    /lib/x86_64-linux-gnu/libc-2.19.so
7f7d0597d000-7f7d0597f000 rw-p 001be000 08:03 1453182                    /lib/x86_64-linux-gnu/libc-2.19.so
7f7d0597f000-7f7d05984000 rw-p 00000000 00:00 0 
7f7d05984000-7f7d05987000 r-xp 00000000 08:03 1453171                    /lib/x86_64-linux-gnu/libdl-2.19.so
7f7d05987000-7f7d05b86000 ---p 00003000 08:03 1453171                    /lib/x86_64-linux-gnu/libdl-2.19.so
7f7d05b86000-7f7d05b87000 r--p 00002000 08:03 1453171                    /lib/x86_64-linux-gnu/libdl-2.19.so
7f7d05b87000-7f7d05b88000 rw-p 00003000 08:03 1453171                    /lib/x86_64-linux-gnu/libdl-2.19.so
7f7d05b88000-7f7d05b9d000 r-xp 00000000 08:03 1453935                    /home/palash/jdk1.8.0_45/lib/amd64/jli/libjli.so
7f7d05b9d000-7f7d05d9d000 ---p 00015000 08:03 1453935                    /home/palash/jdk1.8.0_45/lib/amd64/jli/libjli.so
7f7d05d9d000-7f7d05d9e000 rw-p 00015000 08:03 1453935                    /home/palash/jdk1.8.0_45/lib/amd64/jli/libjli.so
7f7d05d9e000-7f7d05db7000 r-xp 00000000 08:03 1453183                    /lib/x86_64-linux-gnu/libpthread-2.19.so
7f7d05db7000-7f7d05fb6000 ---p 00019000 08:03 1453183                    /lib/x86_64-linux-gnu/libpthread-2.19.so
7f7d05fb6000-7f7d05fb7000 r--p 00018000 08:03 1453183                    /lib/x86_64-linux-gnu/libpthread-2.19.so
7f7d05fb7000-7f7d05fb8000 rw-p 00019000 08:03 1453183                    /lib/x86_64-linux-gnu/libpthread-2.19.so
7f7d05fb8000-7f7d05fbc000 rw-p 00000000 00:00 0 
7f7d05fbc000-7f7d05fdf000 r-xp 00000000 08:03 1453179                    /lib/x86_64-linux-gnu/ld-2.19.so
7f7d05fe6000-7f7d060bf000 rw-p 00000000 00:00 0 
7f7d060bf000-7f7d060c2000 ---p 00000000 00:00 0 
7f7d060c2000-7f7d061c4000 rw-p 00000000 00:00 0                          [stack:4084]
7f7d061c6000-7f7d061c7000 rw-p 00000000 00:00 0 
7f7d061c7000-7f7d061d2000 r--s 00079000 08:03 787034                     /home/palash/AndroidStudioProjects/EsyaAndroidApp2015/app/build/intermediates/exploded-aar/com.google.android.gms/play-services-analytics/7.5.0/jars/classes.jar
7f7d061d2000-7f7d061da000 rw-s 00000000 08:03 406231                     /tmp/hsperfdata_palash/4082
7f7d061da000-7f7d061db000 rw-p 00000000 00:00 0 
7f7d061db000-7f7d061dc000 ---p 00000000 00:00 0 
7f7d061dc000-7f7d061de000 rw-p 00000000 00:00 0 
7f7d061de000-7f7d061df000 r--p 00022000 08:03 1453179                    /lib/x86_64-linux-gnu/ld-2.19.so
7f7d061df000-7f7d061e0000 rw-p 00023000 08:03 1453179                    /lib/x86_64-linux-gnu/ld-2.19.so
7f7d061e0000-7f7d061e1000 rw-p 00000000 00:00 0 
7ffc9f297000-7ffc9f2b8000 rw-p 00000000 00:00 0                          [stack]
7ffc9f388000-7ffc9f38a000 r-xp 00000000 00:00 0                          [vdso]
7ffc9f38a000-7ffc9f38c000 r--p 00000000 00:00 0                          [vvar]
ffffffffff600000-ffffffffff601000 r-xp 00000000 00:00 0                  [vsyscall]

VM Arguments:
jvm_args: -Xmx1024M -Dfile.encoding=UTF-8 -Duser.country=IN -Duser.language=en -Duser.variant 
java_command: com.android.dx.command.Main --dex --output /home/palash/AndroidStudioProjects/EsyaAndroidApp2015/app/build/intermediates/pre-dexed/debug/classes-13dfa4d28785197227fa59c1a60bb66b05211f9e.jar /home/palash/AndroidStudioProjects/EsyaAndroidApp2015/app/build/intermediates/exploded-aar/com.google.android.gms/play-services-analytics/7.5.0/jars/classes.jar
java_class_path (initial): /home/palash/Android/Sdk/build-tools/22.0.1/lib/dx.jar
Launcher Type: SUN_STANDARD

Environment Variables:
PATH=/usr/local/sbin:/usr/local/bin:/usr/sbin:/usr/bin:/sbin:/bin:/usr/games:/usr/local/games
USERNAME=palash
LD_LIBRARY_PATH=/home/palash/android-studio/bin:
SHELL=/bin/bash
DISPLAY=:0.0

Signal Handlers:
SIGSEGV: [libjvm.so+0xaad1e0], sa_mask[0]=11111111011111111101111111111110, sa_flags=SA_RESTART|SA_SIGINFO
SIGBUS: [libjvm.so+0xaad1e0], sa_mask[0]=11111111011111111101111111111110, sa_flags=SA_RESTART|SA_SIGINFO
SIGFPE: [libjvm.so+0x90b450], sa_mask[0]=11111111011111111101111111111110, sa_flags=SA_RESTART|SA_SIGINFO
SIGPIPE: [libjvm.so+0x90b450], sa_mask[0]=11111111011111111101111111111110, sa_flags=SA_RESTART|SA_SIGINFO
SIGXFSZ: [libjvm.so+0x90b450], sa_mask[0]=11111111011111111101111111111110, sa_flags=SA_RESTART|SA_SIGINFO
SIGILL: [libjvm.so+0x90b450], sa_mask[0]=11111111011111111101111111111110, sa_flags=SA_RESTART|SA_SIGINFO
SIGUSR1: SIG_DFL, sa_mask[0]=00000000000000000000000000000000, sa_flags=none
SIGUSR2: [libjvm.so+0x90ca90], sa_mask[0]=00100000000000000000000000000000, sa_flags=SA_RESTART|SA_SIGINFO
SIGHUP: [libjvm.so+0x90dde0], sa_mask[0]=11111111011111111101111111111110, sa_flags=SA_RESTART|SA_SIGINFO
SIGINT: [libjvm.so+0x90dde0], sa_mask[0]=11111111011111111101111111111110, sa_flags=SA_RESTART|SA_SIGINFO
SIGTERM: [libjvm.so+0x90dde0], sa_mask[0]=11111111011111111101111111111110, sa_flags=SA_RESTART|SA_SIGINFO
SIGQUIT: [libjvm.so+0x90dde0], sa_mask[0]=11111111011111111101111111111110, sa_flags=SA_RESTART|SA_SIGINFO


---------------  S Y S T E M  ---------------

OS:DISTRIB_ID=Ubuntu
DISTRIB_RELEASE=14.04
DISTRIB_CODENAME=trusty
DISTRIB_DESCRIPTION="Ubuntu 14.04.2 LTS"

uname:Linux 3.16.0-41-generic #55~14.04.1-Ubuntu SMP Sun Jun 14 18:43:36 UTC 2015 x86_64
libc:glibc 2.19 NPTL 2.19 
rlimit: STACK 8192k, CORE 0k, NPROC 15255, NOFILE 4096, AS infinity
load average:9.31 3.43 1.45

/proc/meminfo:
MemTotal:        3926812 kB
MemFree:          249520 kB
MemAvailable:     197572 kB
Buffers:             112 kB
Cached:           343456 kB
SwapCached:            0 kB
Active:          3187340 kB
Inactive:         309360 kB
Active(anon):    3173820 kB
Inactive(anon):   292200 kB
Active(file):      13520 kB
Inactive(file):    17160 kB
Unevictable:        1120 kB
Mlocked:            1120 kB
SwapTotal:             0 kB
SwapFree:              0 kB
Dirty:              7604 kB
Writeback:             0 kB
AnonPages:       3155436 kB
Mapped:           158468 kB
Shmem:            311752 kB
Slab:              65428 kB
SReclaimable:      34364 kB
SUnreclaim:        31064 kB
KernelStack:       10336 kB
PageTables:        36044 kB
NFS_Unstable:          0 kB
Bounce:                0 kB
WritebackTmp:          0 kB
CommitLimit:     1963404 kB
Committed_AS:    7159712 kB
VmallocTotal:   34359738367 kB
VmallocUsed:      404004 kB
VmallocChunk:   34359269500 kB
HardwareCorrupted:     0 kB
AnonHugePages:   1105920 kB
HugePages_Total:       0
HugePages_Free:        0
HugePages_Rsvd:        0
HugePages_Surp:        0
Hugepagesize:       2048 kB
DirectMap4k:       69912 kB
DirectMap2M:     4003840 kB


CPU:total 4 (2 cores per cpu, 2 threads per core) family 6 model 58 stepping 9, cmov, cx8, fxsr, mmx, sse, sse2, sse3, ssse3, sse4.1, sse4.2, popcnt, avx, aes, clmul, erms, ht, tsc, tscinvbit, tscinv

/proc/cpuinfo:
processor	: 0
vendor_id	: GenuineIntel
cpu family	: 6
model		: 58
model name	: Intel(R) Core(TM) i5-3337U CPU @ 1.80GHz
stepping	: 9
microcode	: 0x15
cpu MHz		: 2500.031
cache size	: 3072 KB
physical id	: 0
siblings	: 4
core id		: 0
cpu cores	: 2
apicid		: 0
initial apicid	: 0
fpu		: yes
fpu_exception	: yes
cpuid level	: 13
wp		: yes
flags		: fpu vme de pse tsc msr pae mce cx8 apic sep mtrr pge mca cmov pat pse36 clflush dts acpi mmx fxsr sse sse2 ss ht tm pbe syscall nx rdtscp lm constant_tsc arch_perfmon pebs bts rep_good nopl xtopology nonstop_tsc aperfmperf eagerfpu pni pclmulqdq dtes64 monitor ds_cpl vmx est tm2 ssse3 cx16 xtpr pdcm pcid sse4_1 sse4_2 x2apic popcnt tsc_deadline_timer aes xsave avx f16c rdrand lahf_lm ida arat epb xsaveopt pln pts dtherm tpr_shadow vnmi flexpriority ept vpid fsgsbase smep erms
bogomips	: 3591.86
clflush size	: 64
cache_alignment	: 64
address sizes	: 36 bits physical, 48 bits virtual
power management:

processor	: 1
vendor_id	: GenuineIntel
cpu family	: 6
model		: 58
model name	: Intel(R) Core(TM) i5-3337U CPU @ 1.80GHz
stepping	: 9
microcode	: 0x15
cpu MHz		: 2499.960
cache size	: 3072 KB
physical id	: 0
siblings	: 4
core id		: 0
cpu cores	: 2
apicid		: 1
initial apicid	: 1
fpu		: yes
fpu_exception	: yes
cpuid level	: 13
wp		: yes
flags		: fpu vme de pse tsc msr pae mce cx8 apic sep mtrr pge mca cmov pat pse36 clflush dts acpi mmx fxsr sse sse2 ss ht tm pbe syscall nx rdtscp lm constant_tsc arch_perfmon pebs bts rep_good nopl xtopology nonstop_tsc aperfmperf eagerfpu pni pclmulqdq dtes64 monitor ds_cpl vmx est tm2 ssse3 cx16 xtpr pdcm pcid sse4_1 sse4_2 x2apic popcnt tsc_deadline_timer aes xsave avx f16c rdrand lahf_lm ida arat epb xsaveopt pln pts dtherm tpr_shadow vnmi flexpriority ept vpid fsgsbase smep erms
bogomips	: 3591.86
clflush size	: 64
cache_alignment	: 64
address sizes	: 36 bits physical, 48 bits virtual
power management:

processor	: 2
vendor_id	: GenuineIntel
cpu family	: 6
model		: 58
model name	: Intel(R) Core(TM) i5-3337U CPU @ 1.80GHz
stepping	: 9
microcode	: 0x15
cpu MHz		: 2499.960
cache size	: 3072 KB
physical id	: 0
siblings	: 4
core id		: 1
cpu cores	: 2
apicid		: 2
initial apicid	: 2
fpu		: yes
fpu_exception	: yes
cpuid level	: 13
wp		: yes
flags		: fpu vme de pse tsc msr pae mce cx8 apic sep mtrr pge mca cmov pat pse36 clflush dts acpi mmx fxsr sse sse2 ss ht tm pbe syscall nx rdtscp lm constant_tsc arch_perfmon pebs bts rep_good nopl xtopology nonstop_tsc aperfmperf eagerfpu pni pclmulqdq dtes64 monitor ds_cpl vmx est tm2 ssse3 cx16 xtpr pdcm pcid sse4_1 sse4_2 x2apic popcnt tsc_deadline_timer aes xsave avx f16c rdrand lahf_lm ida arat epb xsaveopt pln pts dtherm tpr_shadow vnmi flexpriority ept vpid fsgsbase smep erms
bogomips	: 3591.86
clflush size	: 64
cache_alignment	: 64
address sizes	: 36 bits physical, 48 bits virtual
power management:

processor	: 3
vendor_id	: GenuineIntel
cpu family	: 6
model		: 58
model name	: Intel(R) Core(TM) i5-3337U CPU @ 1.80GHz
stepping	: 9
microcode	: 0x15
cpu MHz		: 2499.960
cache size	: 3072 KB
physical id	: 0
siblings	: 4
core id		: 1
cpu cores	: 2
apicid		: 3
initial apicid	: 3
fpu		: yes
fpu_exception	: yes
cpuid level	: 13
wp		: yes
flags		: fpu vme de pse tsc msr pae mce cx8 apic sep mtrr pge mca cmov pat pse36 clflush dts acpi mmx fxsr sse sse2 ss ht tm pbe syscall nx rdtscp lm constant_tsc arch_perfmon pebs bts rep_good nopl xtopology nonstop_tsc aperfmperf eagerfpu pni pclmulqdq dtes64 monitor ds_cpl vmx est tm2 ssse3 cx16 xtpr pdcm pcid sse4_1 sse4_2 x2apic popcnt tsc_deadline_timer aes xsave avx f16c rdrand lahf_lm ida arat epb xsaveopt pln pts dtherm tpr_shadow vnmi flexpriority ept vpid fsgsbase smep erms
bogomips	: 3591.86
clflush size	: 64
cache_alignment	: 64
address sizes	: 36 bits physical, 48 bits virtual
power management:



Memory: 4k page, physical 3926812k(249164k free), swap 0k(0k free)

vm_info: Java HotSpot(TM) 64-Bit Server VM (25.45-b02) for linux-amd64 JRE (1.8.0_45-b14), built on Apr 10 2015 10:07:45 by "java_re" with gcc 4.3.0 20080428 (Red Hat 4.3.0-8)

time: Tue Aug  4 23:33:25 2015
elapsed time: 27 seconds (0d 0h 0m 27s)

